This is pdfTeX, Version 3.14159265-2.6-1.40.18 (TeX Live 2017/Debian) (preloaded format=pdflatex 2018.11.18)  7 JAN 2019 09:35
entering extended mode
 restricted \write18 enabled.
 %&-line parsing enabled.
**chp1_handouts.tex
(./chp1_handouts.tex
LaTeX2e <2017-04-15>
Babel <3.12> and hyphenation patterns for 7 language(s) loaded.
(/usr/share/texlive/texmf-dist/tex/latex/beamer/beamer.cls
Document Class: beamer 2017/07/13 v3.42 A class for typesetting presentations
(/usr/share/texlive/texmf-dist/tex/latex/beamer/beamerbasemodes.sty
(/usr/share/texlive/texmf-dist/tex/latex/etoolbox/etoolbox.sty
Package: etoolbox 2017/01/02 v2.4 e-TeX tools for LaTeX (JAW)
\etb@tempcnta=\count79
)
\beamer@tempbox=\box26
\beamer@tempcount=\count80
\c@beamerpauses=\count81

(/usr/share/texlive/texmf-dist/tex/latex/beamer/beamerbasedecode.sty
\beamer@slideinframe=\count82
\beamer@minimum=\count83
)
\beamer@commentbox=\box27
\beamer@modecount=\count84
)
(/usr/share/texlive/texmf-dist/tex/generic/oberdiek/ifpdf.sty
Package: ifpdf 2017/03/15 v3.2 Provides the ifpdf switch
)
\headdp=\dimen102
\footheight=\dimen103
\sidebarheight=\dimen104
\beamer@tempdim=\dimen105
\beamer@finalheight=\dimen106
\beamer@animht=\dimen107
\beamer@animdp=\dimen108
\beamer@animwd=\dimen109
\beamer@leftmargin=\dimen110
\beamer@rightmargin=\dimen111
\beamer@leftsidebar=\dimen112
\beamer@rightsidebar=\dimen113
\beamer@boxsize=\dimen114
\beamer@vboxoffset=\dimen115
\beamer@descdefault=\dimen116
\beamer@descriptionwidth=\dimen117
\beamer@lastskip=\skip41
\beamer@areabox=\box28
\beamer@animcurrent=\box29
\beamer@animshowbox=\box30
\beamer@sectionbox=\box31
\beamer@logobox=\box32
\beamer@linebox=\box33
\beamer@sectioncount=\count85
\beamer@subsubsectionmax=\count86
\beamer@subsectionmax=\count87
\beamer@sectionmax=\count88
\beamer@totalheads=\count89
\beamer@headcounter=\count90
\beamer@partstartpage=\count91
\beamer@sectionstartpage=\count92
\beamer@subsectionstartpage=\count93
\beamer@animationtempa=\count94
\beamer@animationtempb=\count95
\beamer@xpos=\count96
\beamer@ypos=\count97
\beamer@showpartnumber=\count98
\beamer@currentsubsection=\count99
\beamer@coveringdepth=\count100
\beamer@sectionadjust=\count101
\beamer@tocsectionnumber=\count102

(/usr/share/texlive/texmf-dist/tex/latex/beamer/beamerbaseoptions.sty
(/usr/share/texlive/texmf-dist/tex/latex/graphics/keyval.sty
Package: keyval 2014/10/28 v1.15 key=value parser (DPC)
\KV@toks@=\toks14
))
\beamer@paperwidth=\skip42
\beamer@paperheight=\skip43

(/usr/share/texlive/texmf-dist/tex/latex/geometry/geometry.sty
Package: geometry 2010/09/12 v5.6 Page Geometry

(/usr/share/texlive/texmf-dist/tex/generic/oberdiek/ifvtex.sty
Package: ifvtex 2016/05/16 v1.6 Detect VTeX and its facilities (HO)
Package ifvtex Info: VTeX not detected.
)
(/usr/share/texlive/texmf-dist/tex/generic/ifxetex/ifxetex.sty
Package: ifxetex 2010/09/12 v0.6 Provides ifxetex conditional
)
\Gm@cnth=\count103
\Gm@cntv=\count104
\c@Gm@tempcnt=\count105
\Gm@bindingoffset=\dimen118
\Gm@wd@mp=\dimen119
\Gm@odd@mp=\dimen120
\Gm@even@mp=\dimen121
\Gm@layoutwidth=\dimen122
\Gm@layoutheight=\dimen123
\Gm@layouthoffset=\dimen124
\Gm@layoutvoffset=\dimen125
\Gm@dimlist=\toks15
)
(/usr/share/texlive/texmf-dist/tex/latex/base/size11.clo
File: size11.clo 2014/09/29 v1.4h Standard LaTeX file (size option)
)
(/usr/share/texlive/texmf-dist/tex/latex/pgf/basiclayer/pgfcore.sty
(/usr/share/texlive/texmf-dist/tex/latex/graphics/graphicx.sty
Package: graphicx 2017/06/01 v1.1a Enhanced LaTeX Graphics (DPC,SPQR)

(/usr/share/texlive/texmf-dist/tex/latex/graphics/graphics.sty
Package: graphics 2017/06/25 v1.2c Standard LaTeX Graphics (DPC,SPQR)

(/usr/share/texlive/texmf-dist/tex/latex/graphics/trig.sty
Package: trig 2016/01/03 v1.10 sin cos tan (DPC)
)
(/usr/share/texlive/texmf-dist/tex/latex/graphics-cfg/graphics.cfg
File: graphics.cfg 2016/06/04 v1.11 sample graphics configuration
)
Package graphics Info: Driver file: pdftex.def on input line 99.

(/usr/share/texlive/texmf-dist/tex/latex/graphics-def/pdftex.def
File: pdftex.def 2017/06/24 v1.0g Graphics/color driver for pdftex
))
\Gin@req@height=\dimen126
\Gin@req@width=\dimen127
)
(/usr/share/texlive/texmf-dist/tex/latex/pgf/systemlayer/pgfsys.sty
(/usr/share/texlive/texmf-dist/tex/latex/pgf/utilities/pgfrcs.sty
(/usr/share/texlive/texmf-dist/tex/generic/pgf/utilities/pgfutil-common.tex
\pgfutil@everybye=\toks16
\pgfutil@tempdima=\dimen128
\pgfutil@tempdimb=\dimen129

(/usr/share/texlive/texmf-dist/tex/generic/pgf/utilities/pgfutil-common-lists.t
ex)) (/usr/share/texlive/texmf-dist/tex/generic/pgf/utilities/pgfutil-latex.def
\pgfutil@abb=\box34
(/usr/share/texlive/texmf-dist/tex/latex/ms/everyshi.sty
Package: everyshi 2001/05/15 v3.00 EveryShipout Package (MS)
))
(/usr/share/texlive/texmf-dist/tex/generic/pgf/utilities/pgfrcs.code.tex
Package: pgfrcs 2015/08/07 v3.0.1a (rcs-revision 1.31)
))
(/usr/share/texlive/texmf-dist/tex/generic/pgf/systemlayer/pgfsys.code.tex
Package: pgfsys 2014/07/09 v3.0.1a (rcs-revision 1.48)

(/usr/share/texlive/texmf-dist/tex/generic/pgf/utilities/pgfkeys.code.tex
\pgfkeys@pathtoks=\toks17
\pgfkeys@temptoks=\toks18

(/usr/share/texlive/texmf-dist/tex/generic/pgf/utilities/pgfkeysfiltered.code.t
ex
\pgfkeys@tmptoks=\toks19
))
\pgf@x=\dimen130
\pgf@y=\dimen131
\pgf@xa=\dimen132
\pgf@ya=\dimen133
\pgf@xb=\dimen134
\pgf@yb=\dimen135
\pgf@xc=\dimen136
\pgf@yc=\dimen137
\w@pgf@writea=\write3
\r@pgf@reada=\read1
\c@pgf@counta=\count106
\c@pgf@countb=\count107
\c@pgf@countc=\count108
\c@pgf@countd=\count109
\t@pgf@toka=\toks20
\t@pgf@tokb=\toks21
\t@pgf@tokc=\toks22
 (/usr/share/texlive/texmf-dist/tex/generic/pgf/systemlayer/pgf.cfg
File: pgf.cfg 2008/05/14  (rcs-revision 1.7)
)
Driver file for pgf: pgfsys-pdftex.def

(/usr/share/texlive/texmf-dist/tex/generic/pgf/systemlayer/pgfsys-pdftex.def
File: pgfsys-pdftex.def 2014/10/11  (rcs-revision 1.35)

(/usr/share/texlive/texmf-dist/tex/generic/pgf/systemlayer/pgfsys-common-pdf.de
f
File: pgfsys-common-pdf.def 2013/10/10  (rcs-revision 1.13)
)))
(/usr/share/texlive/texmf-dist/tex/generic/pgf/systemlayer/pgfsyssoftpath.code.
tex
File: pgfsyssoftpath.code.tex 2013/09/09  (rcs-revision 1.9)
\pgfsyssoftpath@smallbuffer@items=\count110
\pgfsyssoftpath@bigbuffer@items=\count111
)
(/usr/share/texlive/texmf-dist/tex/generic/pgf/systemlayer/pgfsysprotocol.code.
tex
File: pgfsysprotocol.code.tex 2006/10/16  (rcs-revision 1.4)
)) (/usr/share/texlive/texmf-dist/tex/latex/xcolor/xcolor.sty
Package: xcolor 2016/05/11 v2.12 LaTeX color extensions (UK)

(/usr/share/texlive/texmf-dist/tex/latex/graphics-cfg/color.cfg
File: color.cfg 2016/01/02 v1.6 sample color configuration
)
Package xcolor Info: Driver file: pdftex.def on input line 225.
Package xcolor Info: Model `cmy' substituted by `cmy0' on input line 1348.
Package xcolor Info: Model `hsb' substituted by `rgb' on input line 1352.
Package xcolor Info: Model `RGB' extended on input line 1364.
Package xcolor Info: Model `HTML' substituted by `rgb' on input line 1366.
Package xcolor Info: Model `Hsb' substituted by `hsb' on input line 1367.
Package xcolor Info: Model `tHsb' substituted by `hsb' on input line 1368.
Package xcolor Info: Model `HSB' substituted by `hsb' on input line 1369.
Package xcolor Info: Model `Gray' substituted by `gray' on input line 1370.
Package xcolor Info: Model `wave' substituted by `hsb' on input line 1371.
)
(/usr/share/texlive/texmf-dist/tex/generic/pgf/basiclayer/pgfcore.code.tex
Package: pgfcore 2010/04/11 v3.0.1a (rcs-revision 1.7)

(/usr/share/texlive/texmf-dist/tex/generic/pgf/math/pgfmath.code.tex
(/usr/share/texlive/texmf-dist/tex/generic/pgf/math/pgfmathcalc.code.tex
(/usr/share/texlive/texmf-dist/tex/generic/pgf/math/pgfmathutil.code.tex)
(/usr/share/texlive/texmf-dist/tex/generic/pgf/math/pgfmathparser.code.tex
\pgfmath@dimen=\dimen138
\pgfmath@count=\count112
\pgfmath@box=\box35
\pgfmath@toks=\toks23
\pgfmath@stack@operand=\toks24
\pgfmath@stack@operation=\toks25
)
(/usr/share/texlive/texmf-dist/tex/generic/pgf/math/pgfmathfunctions.code.tex
(/usr/share/texlive/texmf-dist/tex/generic/pgf/math/pgfmathfunctions.basic.code
.tex)
(/usr/share/texlive/texmf-dist/tex/generic/pgf/math/pgfmathfunctions.trigonomet
ric.code.tex)
(/usr/share/texlive/texmf-dist/tex/generic/pgf/math/pgfmathfunctions.random.cod
e.tex)
(/usr/share/texlive/texmf-dist/tex/generic/pgf/math/pgfmathfunctions.comparison
.code.tex)
(/usr/share/texlive/texmf-dist/tex/generic/pgf/math/pgfmathfunctions.base.code.
tex)
(/usr/share/texlive/texmf-dist/tex/generic/pgf/math/pgfmathfunctions.round.code
.tex)
(/usr/share/texlive/texmf-dist/tex/generic/pgf/math/pgfmathfunctions.misc.code.
tex)
(/usr/share/texlive/texmf-dist/tex/generic/pgf/math/pgfmathfunctions.integerari
thmetics.code.tex)))
(/usr/share/texlive/texmf-dist/tex/generic/pgf/math/pgfmathfloat.code.tex
\c@pgfmathroundto@lastzeros=\count113
))
(/usr/share/texlive/texmf-dist/tex/generic/pgf/basiclayer/pgfcorepoints.code.te
x
File: pgfcorepoints.code.tex 2013/10/07  (rcs-revision 1.27)
\pgf@picminx=\dimen139
\pgf@picmaxx=\dimen140
\pgf@picminy=\dimen141
\pgf@picmaxy=\dimen142
\pgf@pathminx=\dimen143
\pgf@pathmaxx=\dimen144
\pgf@pathminy=\dimen145
\pgf@pathmaxy=\dimen146
\pgf@xx=\dimen147
\pgf@xy=\dimen148
\pgf@yx=\dimen149
\pgf@yy=\dimen150
\pgf@zx=\dimen151
\pgf@zy=\dimen152
)
(/usr/share/texlive/texmf-dist/tex/generic/pgf/basiclayer/pgfcorepathconstruct.
code.tex
File: pgfcorepathconstruct.code.tex 2013/10/07  (rcs-revision 1.29)
\pgf@path@lastx=\dimen153
\pgf@path@lasty=\dimen154
)
(/usr/share/texlive/texmf-dist/tex/generic/pgf/basiclayer/pgfcorepathusage.code
.tex
File: pgfcorepathusage.code.tex 2014/11/02  (rcs-revision 1.24)
\pgf@shorten@end@additional=\dimen155
\pgf@shorten@start@additional=\dimen156
)
(/usr/share/texlive/texmf-dist/tex/generic/pgf/basiclayer/pgfcorescopes.code.te
x
File: pgfcorescopes.code.tex 2015/05/08  (rcs-revision 1.46)
\pgfpic=\box36
\pgf@hbox=\box37
\pgf@layerbox@main=\box38
\pgf@picture@serial@count=\count114
)
(/usr/share/texlive/texmf-dist/tex/generic/pgf/basiclayer/pgfcoregraphicstate.c
ode.tex
File: pgfcoregraphicstate.code.tex 2014/11/02  (rcs-revision 1.12)
\pgflinewidth=\dimen157
)
(/usr/share/texlive/texmf-dist/tex/generic/pgf/basiclayer/pgfcoretransformation
s.code.tex
File: pgfcoretransformations.code.tex 2015/08/07  (rcs-revision 1.20)
\pgf@pt@x=\dimen158
\pgf@pt@y=\dimen159
\pgf@pt@temp=\dimen160
)
(/usr/share/texlive/texmf-dist/tex/generic/pgf/basiclayer/pgfcorequick.code.tex
File: pgfcorequick.code.tex 2008/10/09  (rcs-revision 1.3)
)
(/usr/share/texlive/texmf-dist/tex/generic/pgf/basiclayer/pgfcoreobjects.code.t
ex
File: pgfcoreobjects.code.tex 2006/10/11  (rcs-revision 1.2)
)
(/usr/share/texlive/texmf-dist/tex/generic/pgf/basiclayer/pgfcorepathprocessing
.code.tex
File: pgfcorepathprocessing.code.tex 2013/09/09  (rcs-revision 1.9)
)
(/usr/share/texlive/texmf-dist/tex/generic/pgf/basiclayer/pgfcorearrows.code.te
x
File: pgfcorearrows.code.tex 2015/05/14  (rcs-revision 1.43)
\pgfarrowsep=\dimen161
)
(/usr/share/texlive/texmf-dist/tex/generic/pgf/basiclayer/pgfcoreshade.code.tex
File: pgfcoreshade.code.tex 2013/07/15  (rcs-revision 1.15)
\pgf@max=\dimen162
\pgf@sys@shading@range@num=\count115
)
(/usr/share/texlive/texmf-dist/tex/generic/pgf/basiclayer/pgfcoreimage.code.tex
File: pgfcoreimage.code.tex 2013/07/15  (rcs-revision 1.18)

(/usr/share/texlive/texmf-dist/tex/generic/pgf/basiclayer/pgfcoreexternal.code.
tex
File: pgfcoreexternal.code.tex 2014/07/09  (rcs-revision 1.21)
\pgfexternal@startupbox=\box39
))
(/usr/share/texlive/texmf-dist/tex/generic/pgf/basiclayer/pgfcorelayers.code.te
x
File: pgfcorelayers.code.tex 2013/07/18  (rcs-revision 1.7)
)
(/usr/share/texlive/texmf-dist/tex/generic/pgf/basiclayer/pgfcoretransparency.c
ode.tex
File: pgfcoretransparency.code.tex 2013/09/30  (rcs-revision 1.5)
)
(/usr/share/texlive/texmf-dist/tex/generic/pgf/basiclayer/pgfcorepatterns.code.
tex
File: pgfcorepatterns.code.tex 2013/11/07  (rcs-revision 1.5)
))) (/usr/share/texlive/texmf-dist/tex/latex/pgf/utilities/xxcolor.sty
Package: xxcolor 2003/10/24 ver 0.1
\XC@nummixins=\count116
\XC@countmixins=\count117
)
(/usr/share/texlive/texmf-dist/tex/generic/oberdiek/atbegshi.sty
Package: atbegshi 2016/06/09 v1.18 At begin shipout hook (HO)

(/usr/share/texlive/texmf-dist/tex/generic/oberdiek/infwarerr.sty
Package: infwarerr 2016/05/16 v1.4 Providing info/warning/error messages (HO)
)
(/usr/share/texlive/texmf-dist/tex/generic/oberdiek/ltxcmds.sty
Package: ltxcmds 2016/05/16 v1.23 LaTeX kernel commands for general use (HO)
))
(/usr/share/texlive/texmf-dist/tex/latex/hyperref/hyperref.sty
Package: hyperref 2017/03/14 v6.85a Hypertext links for LaTeX

(/usr/share/texlive/texmf-dist/tex/generic/oberdiek/hobsub-hyperref.sty
Package: hobsub-hyperref 2016/05/16 v1.14 Bundle oberdiek, subset hyperref (HO)


(/usr/share/texlive/texmf-dist/tex/generic/oberdiek/hobsub-generic.sty
Package: hobsub-generic 2016/05/16 v1.14 Bundle oberdiek, subset generic (HO)
Package: hobsub 2016/05/16 v1.14 Construct package bundles (HO)
Package hobsub Info: Skipping package `infwarerr' (already loaded).
Package hobsub Info: Skipping package `ltxcmds' (already loaded).
Package: ifluatex 2016/05/16 v1.4 Provides the ifluatex switch (HO)
Package ifluatex Info: LuaTeX not detected.
Package hobsub Info: Skipping package `ifvtex' (already loaded).
Package: intcalc 2016/05/16 v1.2 Expandable calculations with integers (HO)
Package hobsub Info: Skipping package `ifpdf' (already loaded).
Package: etexcmds 2016/05/16 v1.6 Avoid name clashes with e-TeX commands (HO)
Package etexcmds Info: Could not find \expanded.
(etexcmds)             That can mean that you are not using pdfTeX 1.50 or
(etexcmds)             that some package has redefined \expanded.
(etexcmds)             In the latter case, load this package earlier.
Package: kvsetkeys 2016/05/16 v1.17 Key value parser (HO)
Package: kvdefinekeys 2016/05/16 v1.4 Define keys (HO)
Package: pdftexcmds 2017/03/19 v0.25 Utility functions of pdfTeX for LuaTeX (HO
)
Package pdftexcmds Info: LuaTeX not detected.
Package pdftexcmds Info: \pdf@primitive is available.
Package pdftexcmds Info: \pdf@ifprimitive is available.
Package pdftexcmds Info: \pdfdraftmode found.
Package: pdfescape 2016/05/16 v1.14 Implements pdfTeX's escape features (HO)
Package: bigintcalc 2016/05/16 v1.4 Expandable calculations on big integers (HO
)
Package: bitset 2016/05/16 v1.2 Handle bit-vector datatype (HO)
Package: uniquecounter 2016/05/16 v1.3 Provide unlimited unique counter (HO)
)
Package hobsub Info: Skipping package `hobsub' (already loaded).
Package: letltxmacro 2016/05/16 v1.5 Let assignment for LaTeX macros (HO)
Package: hopatch 2016/05/16 v1.3 Wrapper for package hooks (HO)
Package: xcolor-patch 2016/05/16 xcolor patch
Package: atveryend 2016/05/16 v1.9 Hooks at the very end of document (HO)
Package hobsub Info: Skipping package `atbegshi' (already loaded).
Package: refcount 2016/05/16 v3.5 Data extraction from label references (HO)
Package: hycolor 2016/05/16 v1.8 Color options for hyperref/bookmark (HO)
)
(/usr/share/texlive/texmf-dist/tex/latex/oberdiek/auxhook.sty
Package: auxhook 2016/05/16 v1.4 Hooks for auxiliary files (HO)
)
(/usr/share/texlive/texmf-dist/tex/latex/oberdiek/kvoptions.sty
Package: kvoptions 2016/05/16 v3.12 Key value format for package options (HO)
)
\@linkdim=\dimen163
\Hy@linkcounter=\count118
\Hy@pagecounter=\count119

(/usr/share/texlive/texmf-dist/tex/latex/hyperref/pd1enc.def
File: pd1enc.def 2017/03/14 v6.85a Hyperref: PDFDocEncoding definition (HO)
)
\Hy@SavedSpaceFactor=\count120

(/usr/share/texlive/texmf-dist/tex/latex/latexconfig/hyperref.cfg
File: hyperref.cfg 2002/06/06 v1.2 hyperref configuration of TeXLive
)
Package hyperref Info: Option `bookmarks' set `true' on input line 4374.
Package hyperref Info: Option `bookmarksopen' set `true' on input line 4374.
Package hyperref Info: Option `implicit' set `false' on input line 4374.
Package hyperref Info: Hyper figures OFF on input line 4498.
Package hyperref Info: Link nesting OFF on input line 4503.
Package hyperref Info: Hyper index ON on input line 4506.
Package hyperref Info: Plain pages OFF on input line 4513.
Package hyperref Info: Backreferencing OFF on input line 4518.
Package hyperref Info: Implicit mode OFF; no redefinition of LaTeX internals.
Package hyperref Info: Bookmarks ON on input line 4751.
\c@Hy@tempcnt=\count121

(/usr/share/texlive/texmf-dist/tex/latex/url/url.sty
\Urlmuskip=\muskip10
Package: url 2013/09/16  ver 3.4  Verb mode for urls, etc.
)
LaTeX Info: Redefining \url on input line 5104.
\XeTeXLinkMargin=\dimen164
\Fld@menulength=\count122
\Field@Width=\dimen165
\Fld@charsize=\dimen166
Package hyperref Info: Hyper figures OFF on input line 6358.
Package hyperref Info: Link nesting OFF on input line 6363.
Package hyperref Info: Hyper index ON on input line 6366.
Package hyperref Info: backreferencing OFF on input line 6373.
Package hyperref Info: Link coloring OFF on input line 6378.
Package hyperref Info: Link coloring with OCG OFF on input line 6383.
Package hyperref Info: PDF/A mode OFF on input line 6388.
LaTeX Info: Redefining \ref on input line 6428.
LaTeX Info: Redefining \pageref on input line 6432.
\Hy@abspage=\count123


Package hyperref Message: Stopped early.

)

Package hyperref Message: Driver (autodetected): hpdftex.

(/usr/share/texlive/texmf-dist/tex/latex/hyperref/hpdftex.def
File: hpdftex.def 2017/03/14 v6.85a Hyperref driver for pdfTeX
\Fld@listcount=\count124
\c@bookmark@seq@number=\count125

(/usr/share/texlive/texmf-dist/tex/latex/oberdiek/rerunfilecheck.sty
Package: rerunfilecheck 2016/05/16 v1.8 Rerun checks for auxiliary files (HO)
Package uniquecounter Info: New unique counter `rerunfilecheck' on input line 2
82.
))
(/usr/share/texlive/texmf-dist/tex/latex/beamer/beamerbaserequires.sty
(/usr/share/texlive/texmf-dist/tex/latex/beamer/beamerbasecompatibility.sty)
(/usr/share/texlive/texmf-dist/tex/latex/beamer/beamerbasefont.sty
(/usr/share/texlive/texmf-dist/tex/latex/amsfonts/amssymb.sty
Package: amssymb 2013/01/14 v3.01 AMS font symbols

(/usr/share/texlive/texmf-dist/tex/latex/amsfonts/amsfonts.sty
Package: amsfonts 2013/01/14 v3.01 Basic AMSFonts support
\@emptytoks=\toks26
\symAMSa=\mathgroup4
\symAMSb=\mathgroup5
LaTeX Font Info:    Overwriting math alphabet `\mathfrak' in version `bold'
(Font)                  U/euf/m/n --> U/euf/b/n on input line 106.
))
(/usr/share/texlive/texmf-dist/tex/latex/sansmathaccent/sansmathaccent.sty
Package: sansmathaccent 2013/03/28

(/usr/share/texlive/texmf-dist/tex/latex/filehook/filehook.sty
Package: filehook 2011/10/12 v0.5d Hooks for input files
)))
(/usr/share/texlive/texmf-dist/tex/latex/beamer/beamerbasetranslator.sty
(/usr/share/texlive/texmf-dist/tex/latex/beamer/translator/translator.sty
Package: translator 2010/06/12 ver 1.10

(/usr/share/texlive/texmf-dist/tex/latex/beamer/translator/translator-language-
mappings.tex)))
(/usr/share/texlive/texmf-dist/tex/latex/beamer/beamerbasemisc.sty)
(/usr/share/texlive/texmf-dist/tex/latex/beamer/beamerbasetwoscreens.sty)
(/usr/share/texlive/texmf-dist/tex/latex/beamer/beamerbaseoverlay.sty
\beamer@argscount=\count126
\beamer@lastskipcover=\skip44
\beamer@trivlistdepth=\count127
)
(/usr/share/texlive/texmf-dist/tex/latex/beamer/beamerbasetitle.sty)
(/usr/share/texlive/texmf-dist/tex/latex/beamer/beamerbasesection.sty
\c@lecture=\count128
\c@part=\count129
\c@section=\count130
\c@subsection=\count131
\c@subsubsection=\count132
)
(/usr/share/texlive/texmf-dist/tex/latex/beamer/beamerbaseframe.sty
\beamer@framebox=\box40
\beamer@frametitlebox=\box41
\beamer@zoombox=\box42
\beamer@zoomcount=\count133
\beamer@zoomframecount=\count134
\beamer@frametextheight=\dimen167
\c@subsectionslide=\count135
\beamer@frametopskip=\skip45
\beamer@framebottomskip=\skip46
\beamer@frametopskipautobreak=\skip47
\beamer@framebottomskipautobreak=\skip48
\beamer@envbody=\toks27
\framewidth=\dimen168
\c@framenumber=\count136
)
(/usr/share/texlive/texmf-dist/tex/latex/beamer/beamerbaseverbatim.sty
\beamer@verbatimfileout=\write4
)
(/usr/share/texlive/texmf-dist/tex/latex/beamer/beamerbaseframesize.sty
\beamer@splitbox=\box43
\beamer@autobreakcount=\count137
\beamer@autobreaklastheight=\dimen169
\beamer@frametitletoks=\toks28
\beamer@framesubtitletoks=\toks29
)
(/usr/share/texlive/texmf-dist/tex/latex/beamer/beamerbaseframecomponents.sty
\beamer@footins=\box44
)
(/usr/share/texlive/texmf-dist/tex/latex/beamer/beamerbasecolor.sty)
(/usr/share/texlive/texmf-dist/tex/latex/beamer/beamerbasenotes.sty
\beamer@frameboxcopy=\box45
)
(/usr/share/texlive/texmf-dist/tex/latex/beamer/beamerbasetoc.sty)
(/usr/share/texlive/texmf-dist/tex/latex/beamer/beamerbasetemplates.sty
\beamer@sbttoks=\toks30

(/usr/share/texlive/texmf-dist/tex/latex/beamer/beamerbaseauxtemplates.sty
(/usr/share/texlive/texmf-dist/tex/latex/beamer/beamerbaseboxes.sty
\bmb@box=\box46
\bmb@colorbox=\box47
\bmb@boxshadow=\box48
\bmb@boxshadowball=\box49
\bmb@boxshadowballlarge=\box50
\bmb@temp=\dimen170
\bmb@dima=\dimen171
\bmb@dimb=\dimen172
\bmb@prevheight=\dimen173
)
\beamer@blockheadheight=\dimen174
))
(/usr/share/texlive/texmf-dist/tex/latex/beamer/beamerbaselocalstructure.sty
(/usr/share/texlive/texmf-dist/tex/latex/tools/enumerate.sty
Package: enumerate 2015/07/23 v3.00 enumerate extensions (DPC)
\@enLab=\toks31
)
\c@figure=\count138
\c@table=\count139
\abovecaptionskip=\skip49
\belowcaptionskip=\skip50
)
(/usr/share/texlive/texmf-dist/tex/latex/beamer/beamerbasenavigation.sty
\beamer@section@min@dim=\dimen175
)
(/usr/share/texlive/texmf-dist/tex/latex/beamer/beamerbasetheorems.sty
(/usr/share/texlive/texmf-dist/tex/latex/amsmath/amsmath.sty
Package: amsmath 2016/11/05 v2.16a AMS math features
\@mathmargin=\skip51

For additional information on amsmath, use the `?' option.
(/usr/share/texlive/texmf-dist/tex/latex/amsmath/amstext.sty
Package: amstext 2000/06/29 v2.01 AMS text

(/usr/share/texlive/texmf-dist/tex/latex/amsmath/amsgen.sty
File: amsgen.sty 1999/11/30 v2.0 generic functions
\@emptytoks=\toks32
\ex@=\dimen176
))
(/usr/share/texlive/texmf-dist/tex/latex/amsmath/amsbsy.sty
Package: amsbsy 1999/11/29 v1.2d Bold Symbols
\pmbraise@=\dimen177
)
(/usr/share/texlive/texmf-dist/tex/latex/amsmath/amsopn.sty
Package: amsopn 2016/03/08 v2.02 operator names
)
\inf@bad=\count140
LaTeX Info: Redefining \frac on input line 213.
\uproot@=\count141
\leftroot@=\count142
LaTeX Info: Redefining \overline on input line 375.
\classnum@=\count143
\DOTSCASE@=\count144
LaTeX Info: Redefining \ldots on input line 472.
LaTeX Info: Redefining \dots on input line 475.
LaTeX Info: Redefining \cdots on input line 596.
\Mathstrutbox@=\box51
\strutbox@=\box52
\big@size=\dimen178
LaTeX Font Info:    Redeclaring font encoding OML on input line 712.
LaTeX Font Info:    Redeclaring font encoding OMS on input line 713.
\macc@depth=\count145
\c@MaxMatrixCols=\count146
\dotsspace@=\muskip11
\c@parentequation=\count147
\dspbrk@lvl=\count148
\tag@help=\toks33
\row@=\count149
\column@=\count150
\maxfields@=\count151
\andhelp@=\toks34
\eqnshift@=\dimen179
\alignsep@=\dimen180
\tagshift@=\dimen181
\tagwidth@=\dimen182
\totwidth@=\dimen183
\lineht@=\dimen184
\@envbody=\toks35
\multlinegap=\skip52
\multlinetaggap=\skip53
\mathdisplay@stack=\toks36
LaTeX Info: Redefining \[ on input line 2817.
LaTeX Info: Redefining \] on input line 2818.
)
(/usr/share/texlive/texmf-dist/tex/latex/amscls/amsthm.sty
Package: amsthm 2015/03/04 v2.20.2
\thm@style=\toks37
\thm@bodyfont=\toks38
\thm@headfont=\toks39
\thm@notefont=\toks40
\thm@headpunct=\toks41
\thm@preskip=\skip54
\thm@postskip=\skip55
\thm@headsep=\skip56
\dth@everypar=\toks42
)
\c@theorem=\count152
)
(/usr/share/texlive/texmf-dist/tex/latex/beamer/beamerbasethemes.sty))
(/usr/share/texlive/texmf-dist/tex/latex/beamer/themes/theme/beamerthemedefault
.sty
(/usr/share/texlive/texmf-dist/tex/latex/beamer/themes/font/beamerfontthemedefa
ult.sty)
(/usr/share/texlive/texmf-dist/tex/latex/beamer/themes/color/beamercolorthemede
fault.sty)
(/usr/share/texlive/texmf-dist/tex/latex/beamer/themes/inner/beamerinnerthemede
fault.sty
\beamer@dima=\dimen185
\beamer@dimb=\dimen186
)
(/usr/share/texlive/texmf-dist/tex/latex/beamer/themes/outer/beamerouterthemede
fault.sty)))
(/usr/share/texlive/texmf-dist/tex/latex/pgf/utilities/pgfpages.sty
Package: pgfpages 2011/01/05 ver 0.02

(/usr/share/texlive/texmf-dist/tex/latex/tools/calc.sty
Package: calc 2014/10/28 v4.3 Infix arithmetic (KKT,FJ)
\calc@Acount=\count153
\calc@Bcount=\count154
\calc@Adimen=\dimen187
\calc@Bdimen=\dimen188
\calc@Askip=\skip57
\calc@Bskip=\skip58
LaTeX Info: Redefining \setlength on input line 80.
LaTeX Info: Redefining \addtolength on input line 81.
\calc@Ccount=\count155
\calc@Cskip=\skip59
)
\pgf@logicalpages=\count156
\pgf@firstshipout=\count157
\pgf@lastshipout=\count158
\pgf@currentshipout=\count159
\pgf@cpn=\count160
\pgf@shipoutnextto=\count161
\pgfphysicalheight=\dimen189
\pgfphysicalwidth=\dimen190
\pgfpages@shipoutbox=\box53
)
\pgfpages@box@1=\box54
\pgfpages@box@2=\box55
\pgfpages@box@3=\box56
\pgfpages@box@4=\box57

(../lec_style_handouts.tex
(/usr/share/texlive/texmf-dist/tex/latex/oberdiek/epstopdf.sty
Package: epstopdf 2016/05/15 v2.6 Conversion with epstopdf on the fly (HO)

(/usr/share/texlive/texmf-dist/tex/latex/oberdiek/epstopdf-base.sty
Package: epstopdf-base 2016/05/15 v2.6 Base part for package epstopdf

(/usr/share/texlive/texmf-dist/tex/latex/oberdiek/grfext.sty
Package: grfext 2016/05/16 v1.2 Manage graphics extensions (HO)
)
Package epstopdf-base Info: Redefining graphics rule for `.eps' on input line 4
38.
Package grfext Info: Graphics extension search list:
(grfext)             [.pdf,.png,.jpg,.mps,.jpeg,.jbig2,.jb2,.PDF,.PNG,.JPG,.JPE
G,.JBIG2,.JB2,.eps]
(grfext)             \AppendGraphicsExtensions on input line 456.

(/usr/share/texlive/texmf-dist/tex/latex/latexconfig/epstopdf-sys.cfg
File: epstopdf-sys.cfg 2010/07/13 v1.3 Configuration of (r)epstopdf for TeX Liv
e
)))
(/usr/share/texlive/texmf-dist/tex/generic/babel/babel.sty
Package: babel 2017/06/29 3.12 The Babel package

(/usr/share/texlive/texmf-dist/tex/generic/babel/switch.def
File: switch.def 2017/06/29 3.12 Babel switching mechanism
)
(/usr/share/texlive/texmf-dist/tex/generic/babel-english/english.ldf
Language: english 2017/06/06 v3.3r English support from the babel system

(/usr/share/texlive/texmf-dist/tex/generic/babel/babel.def
File: babel.def 2017/06/29 3.12 Babel common definitions

(/usr/share/texlive/texmf-dist/tex/generic/babel/switch.def
File: switch.def 2017/06/29 3.12 Babel switching mechanism
)
\babel@savecnt=\count162
\U@D=\dimen191
LaTeX Info: Redefining \textlatin on input line 1672.
)
\l@british = a dialect from \language\l@english 
\l@UKenglish = a dialect from \language\l@english 
\l@canadian = a dialect from \language\l@american 
\l@australian = a dialect from \language\l@british 
\l@newzealand = a dialect from \language\l@british 
))
(/usr/share/texlive/texmf-dist/tex/latex/base/inputenc.sty
Package: inputenc 2015/03/17 v1.2c Input encoding file
\inpenc@prehook=\toks43
\inpenc@posthook=\toks44

(/usr/share/texlive/texmf-dist/tex/latex/base/latin1.def
File: latin1.def 2015/03/17 v1.2c Input encoding file
))
(/usr/share/texlive/texmf-dist/tex/latex/colortbl/colortbl.sty
Package: colortbl 2012/02/13 v1.0a Color table columns (DPC)

(/usr/share/texlive/texmf-dist/tex/latex/tools/array.sty
Package: array 2016/10/06 v2.4d Tabular extension package (FMi)
\col@sep=\dimen192
\extrarowheight=\dimen193
\NC@list=\toks45
\extratabsurround=\skip60
\backup@length=\skip61
)
\everycr=\toks46
\minrowclearance=\skip62
)
(/usr/share/texlive/texmf-dist/tex/latex/multirow/multirow.sty
Package: multirow 2016/11/25 v2.2 Span multiple rows of a table
\multirow@colwidth=\skip63
\multirow@cntb=\count163
\multirow@dima=\skip64
\bigstrutjot=\dimen194
)
(/usr/share/texlive/texmf-dist/tex/latex/pgf/basiclayer/pgf.sty
Package: pgf 2015/08/07 v3.0.1a (rcs-revision 1.15)

(/usr/share/texlive/texmf-dist/tex/generic/pgf/modules/pgfmoduleshapes.code.tex
File: pgfmoduleshapes.code.tex 2014/03/21  (rcs-revision 1.35)
\pgfnodeparttextbox=\box58
) (/usr/share/texlive/texmf-dist/tex/generic/pgf/modules/pgfmoduleplot.code.tex
File: pgfmoduleplot.code.tex 2015/08/03  (rcs-revision 1.13)
)
(/usr/share/texlive/texmf-dist/tex/latex/pgf/compatibility/pgfcomp-version-0-65
.sty
Package: pgfcomp-version-0-65 2007/07/03 v3.0.1a (rcs-revision 1.7)
\pgf@nodesepstart=\dimen195
\pgf@nodesepend=\dimen196
)
(/usr/share/texlive/texmf-dist/tex/latex/pgf/compatibility/pgfcomp-version-1-18
.sty
Package: pgfcomp-version-1-18 2007/07/23 v3.0.1a (rcs-revision 1.1)
)) (/usr/share/texlive/texmf-dist/tex/generic/ulem/ulem.sty
\UL@box=\box59
\UL@hyphenbox=\box60
\UL@skip=\skip65
\UL@hook=\toks47
\UL@height=\dimen197
\UL@pe=\count164
\UL@pixel=\dimen198
\ULC@box=\box61
Package: ulem 2012/05/18
\ULdepth=\dimen199
)
(/usr/share/texlive/texmf-dist/tex/latex/tools/multicol.sty
Package: multicol 2017/04/11 v1.8q multicolumn formatting (FMi)
\c@tracingmulticols=\count165
\mult@box=\box62
\multicol@leftmargin=\dimen256
\c@unbalance=\count166
\c@collectmore=\count167
\doublecol@number=\count168
\multicoltolerance=\count169
\multicolpretolerance=\count170
\full@width=\dimen257
\page@free=\dimen258
\premulticols=\dimen259
\postmulticols=\dimen260
\multicolsep=\skip66
\multicolbaselineskip=\skip67
\partial@page=\box63
\last@line=\box64
\maxbalancingoverflow=\dimen261
\mult@rightbox=\box65
\mult@grightbox=\box66
\mult@gfirstbox=\box67
\mult@firstbox=\box68
\@tempa=\box69
\@tempa=\box70
\@tempa=\box71
\@tempa=\box72
\@tempa=\box73
\@tempa=\box74
\@tempa=\box75
\@tempa=\box76
\@tempa=\box77
\@tempa=\box78
\@tempa=\box79
\@tempa=\box80
\@tempa=\box81
\@tempa=\box82
\@tempa=\box83
\@tempa=\box84
\@tempa=\box85
\c@columnbadness=\count171
\c@finalcolumnbadness=\count172
\last@try=\dimen262
\multicolovershoot=\dimen263
\multicolundershoot=\dimen264
\mult@nat@firstbox=\box86
\colbreak@box=\box87
\mc@col@check@num=\count173
)
(/usr/share/texlive/texmf-dist/tex/latex/base/textcomp.sty
Package: textcomp 2017/04/05 v2.0i Standard LaTeX package
Package textcomp Info: Sub-encoding information:
(textcomp)               5 = only ISO-Adobe without \textcurrency
(textcomp)               4 = 5 + \texteuro
(textcomp)               3 = 4 + \textohm
(textcomp)               2 = 3 + \textestimated + \textcurrency
(textcomp)               1 = TS1 - \textcircled - \t
(textcomp)               0 = TS1 (full)
(textcomp)             Font families with sub-encoding setting implement
(textcomp)             only a restricted character set as indicated.
(textcomp)             Family '?' is the default used for unknown fonts.
(textcomp)             See the documentation for details.
Package textcomp Info: Setting ? sub-encoding to TS1/1 on input line 79.

(/usr/share/texlive/texmf-dist/tex/latex/base/ts1enc.def
File: ts1enc.def 2001/06/05 v3.0e (jk/car/fm) Standard LaTeX file
)
LaTeX Info: Redefining \oldstylenums on input line 334.
Package textcomp Info: Setting cmr sub-encoding to TS1/0 on input line 349.
Package textcomp Info: Setting cmss sub-encoding to TS1/0 on input line 350.
Package textcomp Info: Setting cmtt sub-encoding to TS1/0 on input line 351.
Package textcomp Info: Setting cmvtt sub-encoding to TS1/0 on input line 352.
Package textcomp Info: Setting cmbr sub-encoding to TS1/0 on input line 353.
Package textcomp Info: Setting cmtl sub-encoding to TS1/0 on input line 354.
Package textcomp Info: Setting ccr sub-encoding to TS1/0 on input line 355.
Package textcomp Info: Setting ptm sub-encoding to TS1/4 on input line 356.
Package textcomp Info: Setting pcr sub-encoding to TS1/4 on input line 357.
Package textcomp Info: Setting phv sub-encoding to TS1/4 on input line 358.
Package textcomp Info: Setting ppl sub-encoding to TS1/3 on input line 359.
Package textcomp Info: Setting pag sub-encoding to TS1/4 on input line 360.
Package textcomp Info: Setting pbk sub-encoding to TS1/4 on input line 361.
Package textcomp Info: Setting pnc sub-encoding to TS1/4 on input line 362.
Package textcomp Info: Setting pzc sub-encoding to TS1/4 on input line 363.
Package textcomp Info: Setting bch sub-encoding to TS1/4 on input line 364.
Package textcomp Info: Setting put sub-encoding to TS1/5 on input line 365.
Package textcomp Info: Setting uag sub-encoding to TS1/5 on input line 366.
Package textcomp Info: Setting ugq sub-encoding to TS1/5 on input line 367.
Package textcomp Info: Setting ul8 sub-encoding to TS1/4 on input line 368.
Package textcomp Info: Setting ul9 sub-encoding to TS1/4 on input line 369.
Package textcomp Info: Setting augie sub-encoding to TS1/5 on input line 370.
Package textcomp Info: Setting dayrom sub-encoding to TS1/3 on input line 371.
Package textcomp Info: Setting dayroms sub-encoding to TS1/3 on input line 372.

Package textcomp Info: Setting pxr sub-encoding to TS1/0 on input line 373.
Package textcomp Info: Setting pxss sub-encoding to TS1/0 on input line 374.
Package textcomp Info: Setting pxtt sub-encoding to TS1/0 on input line 375.
Package textcomp Info: Setting txr sub-encoding to TS1/0 on input line 376.
Package textcomp Info: Setting txss sub-encoding to TS1/0 on input line 377.
Package textcomp Info: Setting txtt sub-encoding to TS1/0 on input line 378.
Package textcomp Info: Setting lmr sub-encoding to TS1/0 on input line 379.
Package textcomp Info: Setting lmdh sub-encoding to TS1/0 on input line 380.
Package textcomp Info: Setting lmss sub-encoding to TS1/0 on input line 381.
Package textcomp Info: Setting lmssq sub-encoding to TS1/0 on input line 382.
Package textcomp Info: Setting lmvtt sub-encoding to TS1/0 on input line 383.
Package textcomp Info: Setting lmtt sub-encoding to TS1/0 on input line 384.
Package textcomp Info: Setting qhv sub-encoding to TS1/0 on input line 385.
Package textcomp Info: Setting qag sub-encoding to TS1/0 on input line 386.
Package textcomp Info: Setting qbk sub-encoding to TS1/0 on input line 387.
Package textcomp Info: Setting qcr sub-encoding to TS1/0 on input line 388.
Package textcomp Info: Setting qcs sub-encoding to TS1/0 on input line 389.
Package textcomp Info: Setting qpl sub-encoding to TS1/0 on input line 390.
Package textcomp Info: Setting qtm sub-encoding to TS1/0 on input line 391.
Package textcomp Info: Setting qzc sub-encoding to TS1/0 on input line 392.
Package textcomp Info: Setting qhvc sub-encoding to TS1/0 on input line 393.
Package textcomp Info: Setting futs sub-encoding to TS1/4 on input line 394.
Package textcomp Info: Setting futx sub-encoding to TS1/4 on input line 395.
Package textcomp Info: Setting futj sub-encoding to TS1/4 on input line 396.
Package textcomp Info: Setting hlh sub-encoding to TS1/3 on input line 397.
Package textcomp Info: Setting hls sub-encoding to TS1/3 on input line 398.
Package textcomp Info: Setting hlst sub-encoding to TS1/3 on input line 399.
Package textcomp Info: Setting hlct sub-encoding to TS1/5 on input line 400.
Package textcomp Info: Setting hlx sub-encoding to TS1/5 on input line 401.
Package textcomp Info: Setting hlce sub-encoding to TS1/5 on input line 402.
Package textcomp Info: Setting hlcn sub-encoding to TS1/5 on input line 403.
Package textcomp Info: Setting hlcw sub-encoding to TS1/5 on input line 404.
Package textcomp Info: Setting hlcf sub-encoding to TS1/5 on input line 405.
Package textcomp Info: Setting pplx sub-encoding to TS1/3 on input line 406.
Package textcomp Info: Setting pplj sub-encoding to TS1/3 on input line 407.
Package textcomp Info: Setting ptmx sub-encoding to TS1/4 on input line 408.
Package textcomp Info: Setting ptmj sub-encoding to TS1/4 on input line 409.
)
(/usr/share/texlive/texmf-dist/tex/latex/txfonts/txfonts.sty
Package: txfonts 2008/01/22 v3.2.1
LaTeX Font Info:    Redeclaring symbol font `operators' on input line 21.
LaTeX Font Info:    Overwriting symbol font `operators' in version `normal'
(Font)                  OT1/cmr/m/n --> OT1/txr/m/n on input line 21.
LaTeX Font Info:    Overwriting symbol font `operators' in version `bold'
(Font)                  OT1/cmr/bx/n --> OT1/txr/m/n on input line 21.
LaTeX Font Info:    Overwriting symbol font `operators' in version `bold'
(Font)                  OT1/txr/m/n --> OT1/txr/bx/n on input line 22.
\symitalic=\mathgroup6
LaTeX Font Info:    Overwriting symbol font `italic' in version `bold'
(Font)                  OT1/txr/m/it --> OT1/txr/bx/it on input line 26.
LaTeX Font Info:    Redeclaring math alphabet \mathbf on input line 29.
LaTeX Font Info:    Overwriting math alphabet `\mathbf' in version `normal'
(Font)                  OT1/cmr/bx/n --> OT1/txr/bx/n on input line 29.
LaTeX Font Info:    Overwriting math alphabet `\mathbf' in version `bold'
(Font)                  OT1/cmr/bx/n --> OT1/txr/bx/n on input line 29.
LaTeX Font Info:    Redeclaring math alphabet \mathit on input line 30.
LaTeX Font Info:    Overwriting math alphabet `\mathit' in version `normal'
(Font)                  OT1/cmr/m/it --> OT1/txr/m/it on input line 30.
LaTeX Font Info:    Overwriting math alphabet `\mathit' in version `bold'
(Font)                  OT1/cmr/bx/it --> OT1/txr/m/it on input line 30.
LaTeX Font Info:    Overwriting math alphabet `\mathit' in version `bold'
(Font)                  OT1/txr/m/it --> OT1/txr/bx/it on input line 31.
LaTeX Font Info:    Redeclaring math alphabet \mathsf on input line 40.
LaTeX Font Info:    Overwriting math alphabet `\mathsf' in version `normal'
(Font)                  OT1/cmss/m/n --> OT1/txss/m/n on input line 40.
LaTeX Font Info:    Overwriting math alphabet `\mathsf' in version `bold'
(Font)                  OT1/cmss/bx/n --> OT1/txss/m/n on input line 40.
LaTeX Font Info:    Overwriting math alphabet `\mathsf' in version `bold'
(Font)                  OT1/txss/m/n --> OT1/txss/b/n on input line 41.
LaTeX Font Info:    Redeclaring math alphabet \mathtt on input line 50.
LaTeX Font Info:    Overwriting math alphabet `\mathtt' in version `normal'
(Font)                  OT1/cmtt/m/n --> OT1/txtt/m/n on input line 50.
LaTeX Font Info:    Overwriting math alphabet `\mathtt' in version `bold'
(Font)                  OT1/cmtt/m/n --> OT1/txtt/m/n on input line 50.
LaTeX Font Info:    Overwriting math alphabet `\mathtt' in version `bold'
(Font)                  OT1/txtt/m/n --> OT1/txtt/b/n on input line 51.
LaTeX Font Info:    Redeclaring symbol font `letters' on input line 58.
LaTeX Font Info:    Overwriting symbol font `letters' in version `normal'
(Font)                  OML/cmm/m/it --> OML/txmi/m/it on input line 58.
LaTeX Font Info:    Overwriting symbol font `letters' in version `bold'
(Font)                  OML/cmm/b/it --> OML/txmi/m/it on input line 58.
LaTeX Font Info:    Overwriting symbol font `letters' in version `bold'
(Font)                  OML/txmi/m/it --> OML/txmi/bx/it on input line 59.
\symlettersA=\mathgroup7
LaTeX Font Info:    Overwriting symbol font `lettersA' in version `bold'
(Font)                  U/txmia/m/it --> U/txmia/bx/it on input line 67.
LaTeX Font Info:    Redeclaring math alphabet \mathfrak on input line 70.
LaTeX Font Info:    Redeclaring symbol font `symbols' on input line 77.
LaTeX Font Info:    Overwriting symbol font `symbols' in version `normal'
(Font)                  OMS/cmsy/m/n --> OMS/txsy/m/n on input line 77.
LaTeX Font Info:    Overwriting symbol font `symbols' in version `bold'
(Font)                  OMS/cmsy/b/n --> OMS/txsy/m/n on input line 77.
LaTeX Font Info:    Overwriting symbol font `symbols' in version `bold'
(Font)                  OMS/txsy/m/n --> OMS/txsy/bx/n on input line 78.
LaTeX Font Info:    Redeclaring symbol font `AMSa' on input line 93.
LaTeX Font Info:    Overwriting symbol font `AMSa' in version `normal'
(Font)                  U/msa/m/n --> U/txsya/m/n on input line 93.
LaTeX Font Info:    Overwriting symbol font `AMSa' in version `bold'
(Font)                  U/msa/m/n --> U/txsya/m/n on input line 93.
LaTeX Font Info:    Overwriting symbol font `AMSa' in version `bold'
(Font)                  U/txsya/m/n --> U/txsya/bx/n on input line 94.
LaTeX Font Info:    Redeclaring symbol font `AMSb' on input line 102.
LaTeX Font Info:    Overwriting symbol font `AMSb' in version `normal'
(Font)                  U/msb/m/n --> U/txsyb/m/n on input line 102.
LaTeX Font Info:    Overwriting symbol font `AMSb' in version `bold'
(Font)                  U/msb/m/n --> U/txsyb/m/n on input line 102.
LaTeX Font Info:    Overwriting symbol font `AMSb' in version `bold'
(Font)                  U/txsyb/m/n --> U/txsyb/bx/n on input line 103.
\symsymbolsC=\mathgroup8
LaTeX Font Info:    Overwriting symbol font `symbolsC' in version `bold'
(Font)                  U/txsyc/m/n --> U/txsyc/bx/n on input line 113.
LaTeX Font Info:    Redeclaring symbol font `largesymbols' on input line 120.
LaTeX Font Info:    Overwriting symbol font `largesymbols' in version `normal'
(Font)                  OMX/cmex/m/n --> OMX/txex/m/n on input line 120.
LaTeX Font Info:    Overwriting symbol font `largesymbols' in version `bold'
(Font)                  OMX/cmex/m/n --> OMX/txex/m/n on input line 120.
LaTeX Font Info:    Overwriting symbol font `largesymbols' in version `bold'
(Font)                  OMX/txex/m/n --> OMX/txex/bx/n on input line 121.
\symlargesymbolsA=\mathgroup9
LaTeX Font Info:    Overwriting symbol font `largesymbolsA' in version `bold'
(Font)                  U/txexa/m/n --> U/txexa/bx/n on input line 129.
LaTeX Info: Redefining \not on input line 1043.
LaTeX Info: Redefining \textsquare on input line 1063.
LaTeX Info: Redefining \openbox on input line 1064.
)
(/usr/share/texlive/texmf-dist/tex/latex/listings/listings.sty
\lst@mode=\count174
\lst@gtempboxa=\box88
\lst@token=\toks48
\lst@length=\count175
\lst@currlwidth=\dimen265
\lst@column=\count176
\lst@pos=\count177
\lst@lostspace=\dimen266
\lst@width=\dimen267
\lst@newlines=\count178
\lst@lineno=\count179
\lst@maxwidth=\dimen268

(/usr/share/texlive/texmf-dist/tex/latex/listings/lstmisc.sty
File: lstmisc.sty 2015/06/04 1.6 (Carsten Heinz)
\c@lstnumber=\count180
\lst@skipnumbers=\count181
\lst@framebox=\box89
)
(/usr/share/texlive/texmf-dist/tex/latex/listings/listings.cfg
File: listings.cfg 2015/06/04 1.6 listings configuration
))
Package: listings 2015/06/04 1.6 (Carsten Heinz)

(/usr/share/texlive/texmf-dist/tex/latex/pgf/frontendlayer/tikz.sty
(/usr/share/texlive/texmf-dist/tex/latex/pgf/utilities/pgffor.sty
(/usr/share/texlive/texmf-dist/tex/latex/pgf/utilities/pgfkeys.sty
(/usr/share/texlive/texmf-dist/tex/generic/pgf/utilities/pgfkeys.code.tex))
(/usr/share/texlive/texmf-dist/tex/latex/pgf/math/pgfmath.sty
(/usr/share/texlive/texmf-dist/tex/generic/pgf/math/pgfmath.code.tex))
(/usr/share/texlive/texmf-dist/tex/generic/pgf/utilities/pgffor.code.tex
Package: pgffor 2013/12/13 v3.0.1a (rcs-revision 1.25)

(/usr/share/texlive/texmf-dist/tex/generic/pgf/math/pgfmath.code.tex)
\pgffor@iter=\dimen269
\pgffor@skip=\dimen270
\pgffor@stack=\toks49
\pgffor@toks=\toks50
))
(/usr/share/texlive/texmf-dist/tex/generic/pgf/frontendlayer/tikz/tikz.code.tex
Package: tikz 2015/08/07 v3.0.1a (rcs-revision 1.151)

(/usr/share/texlive/texmf-dist/tex/generic/pgf/libraries/pgflibraryplothandlers
.code.tex
File: pgflibraryplothandlers.code.tex 2013/08/31 v3.0.1a (rcs-revision 1.20)
\pgf@plot@mark@count=\count182
\pgfplotmarksize=\dimen271
)
\tikz@lastx=\dimen272
\tikz@lasty=\dimen273
\tikz@lastxsaved=\dimen274
\tikz@lastysaved=\dimen275
\tikzleveldistance=\dimen276
\tikzsiblingdistance=\dimen277
\tikz@figbox=\box90
\tikz@figbox@bg=\box91
\tikz@tempbox=\box92
\tikz@tempbox@bg=\box93
\tikztreelevel=\count183
\tikznumberofchildren=\count184
\tikznumberofcurrentchild=\count185
\tikz@fig@count=\count186

(/usr/share/texlive/texmf-dist/tex/generic/pgf/modules/pgfmodulematrix.code.tex
File: pgfmodulematrix.code.tex 2013/09/17  (rcs-revision 1.8)
\pgfmatrixcurrentrow=\count187
\pgfmatrixcurrentcolumn=\count188
\pgf@matrix@numberofcolumns=\count189
)
\tikz@expandcount=\count190

(/usr/share/texlive/texmf-dist/tex/generic/pgf/frontendlayer/tikz/libraries/tik
zlibrarytopaths.code.tex
File: tikzlibrarytopaths.code.tex 2008/06/17 v3.0.1a (rcs-revision 1.2)
)))
(/usr/share/texlive/texmf-dist/tex/latex/wasysym/wasysym.sty
Package: wasysym 2003/10/30 v2.0 Wasy-2 symbol support package
\symwasy=\mathgroup10
LaTeX Font Info:    Overwriting symbol font `wasy' in version `bold'
(Font)                  U/wasy/m/n --> U/wasy/b/n on input line 90.
)
(/usr/share/texlive/texmf-dist/tex/latex/fancyvrb/fancyvrb.sty
Package: fancyvrb 2008/02/07

Style option: `fancyvrb' v2.7a, with DG/SPQR fixes, and firstline=lastline fix 
<2008/02/07> (tvz)
\FV@CodeLineNo=\count191
\FV@InFile=\read2
\FV@TabBox=\box94
\c@FancyVerbLine=\count192
\FV@StepNumber=\count193
\FV@OutFile=\write5
)) (./chp1_handouts.aux)
\openout1 = `chp1_handouts.aux'.

LaTeX Font Info:    Checking defaults for OML/txmi/m/it on input line 40.
LaTeX Font Info:    Try loading font information for OML+txmi on input line 40.


(/usr/share/texlive/texmf-dist/tex/latex/txfonts/omltxmi.fd
File: omltxmi.fd 2000/12/15 v3.1
)
LaTeX Font Info:    ... okay on input line 40.
LaTeX Font Info:    Checking defaults for T1/cmr/m/n on input line 40.
LaTeX Font Info:    ... okay on input line 40.
LaTeX Font Info:    Checking defaults for OT1/cmr/m/n on input line 40.
LaTeX Font Info:    ... okay on input line 40.
LaTeX Font Info:    Checking defaults for OMS/txsy/m/n on input line 40.
LaTeX Font Info:    Try loading font information for OMS+txsy on input line 40.


(/usr/share/texlive/texmf-dist/tex/latex/txfonts/omstxsy.fd
File: omstxsy.fd 2000/12/15 v3.1
)
LaTeX Font Info:    ... okay on input line 40.
LaTeX Font Info:    Checking defaults for OMX/txex/m/n on input line 40.
LaTeX Font Info:    Try loading font information for OMX+txex on input line 40.


(/usr/share/texlive/texmf-dist/tex/latex/txfonts/omxtxex.fd
File: omxtxex.fd 2000/12/15 v3.1
)
LaTeX Font Info:    ... okay on input line 40.
LaTeX Font Info:    Checking defaults for U/txexa/m/n on input line 40.
LaTeX Font Info:    Try loading font information for U+txexa on input line 40.

(/usr/share/texlive/texmf-dist/tex/latex/txfonts/utxexa.fd
File: utxexa.fd 2000/12/15 v3.1
)
LaTeX Font Info:    ... okay on input line 40.
LaTeX Font Info:    Checking defaults for PD1/pdf/m/n on input line 40.
LaTeX Font Info:    ... okay on input line 40.
LaTeX Font Info:    Checking defaults for TS1/cmr/m/n on input line 40.
LaTeX Font Info:    Try loading font information for TS1+cmr on input line 40.

(/usr/share/texlive/texmf-dist/tex/latex/base/ts1cmr.fd
File: ts1cmr.fd 2014/09/29 v2.5h Standard LaTeX font definitions
)
LaTeX Font Info:    ... okay on input line 40.
LaTeX Font Info:    Try loading font information for OT1+txss on input line 40.


(/usr/share/texlive/texmf-dist/tex/latex/txfonts/ot1txss.fd
File: ot1txss.fd 2000/12/15 v3.1
)
LaTeX Font Info:    Font shape `OT1/txss/m/n' will be
(Font)              scaled to size 10.40245pt on input line 40.

*geometry* driver: auto-detecting
*geometry* detected driver: pdftex
*geometry* verbose mode - [ preamble ] result:
* driver: pdftex
* paper: custom
* layout: <same size as paper>
* layoutoffset:(h,v)=(0.0pt,0.0pt)
* modes: includehead includefoot 
* h-part:(L,W,R)=(21.90005pt, 320.39525pt, 21.90005pt)
* v-part:(T,H,B)=(0.0pt, 273.14662pt, 0.0pt)
* \paperwidth=364.19536pt
* \paperheight=273.14662pt
* \textwidth=320.39525pt
* \textheight=244.6939pt
* \oddsidemargin=-50.36993pt
* \evensidemargin=-50.36993pt
* \topmargin=-72.26999pt
* \headheight=14.22636pt
* \headsep=0.0pt
* \topskip=11.0pt
* \footskip=14.22636pt
* \marginparwidth=4.0pt
* \marginparsep=10.0pt
* \columnsep=10.0pt
* \skip\footins=10.0pt plus 4.0pt minus 2.0pt
* \hoffset=0.0pt
* \voffset=0.0pt
* \mag=1000
* \@twocolumnfalse
* \@twosidefalse
* \@mparswitchfalse
* \@reversemarginfalse
* (1in=72.27pt=25.4mm, 1cm=28.453pt)

(/usr/share/texlive/texmf-dist/tex/context/base/mkii/supp-pdf.mkii
[Loading MPS to PDF converter (version 2006.09.02).]
\scratchcounter=\count194
\scratchdimen=\dimen278
\scratchbox=\box95
\nofMPsegments=\count195
\nofMParguments=\count196
\everyMPshowfont=\toks51
\MPscratchCnt=\count197
\MPscratchDim=\dimen279
\MPnumerator=\count198
\makeMPintoPDFobject=\count199
\everyMPtoPDFconversion=\toks52
) ABD: EveryShipout initializing macros
\AtBeginShipoutBox=\box96
Package hyperref Info: Link coloring OFF on input line 40.

(/usr/share/texlive/texmf-dist/tex/latex/hyperref/nameref.sty
Package: nameref 2016/05/21 v2.44 Cross-referencing by name of section

(/usr/share/texlive/texmf-dist/tex/generic/oberdiek/gettitlestring.sty
Package: gettitlestring 2016/05/16 v1.5 Cleanup title references (HO)
)
\c@section@level=\count266
)
LaTeX Info: Redefining \ref on input line 40.
LaTeX Info: Redefining \pageref on input line 40.
LaTeX Info: Redefining \nameref on input line 40.

(./chp1_handouts.out) (./chp1_handouts.out)
\@outlinefile=\write6
\openout6 = `chp1_handouts.out'.

LaTeX Font Info:    Overwriting symbol font `operators' in version `normal'
(Font)                  OT1/txr/m/n --> OT1/cmss/m/n on input line 40.
LaTeX Font Info:    Overwriting symbol font `operators' in version `bold'
(Font)                  OT1/txr/bx/n --> OT1/cmss/bx/n on input line 40.
\symnumbers=\mathgroup11
\sympureletters=\mathgroup12
LaTeX Font Info:    Overwriting math alphabet `\mathrm' in version `normal'
(Font)                  OT1/cmss/m/n --> OT1/txr/m/n on input line 40.
LaTeX Font Info:    Redeclaring math alphabet \mathbf on input line 40.
LaTeX Font Info:    Overwriting math alphabet `\mathbf' in version `normal'
(Font)                  OT1/txr/bx/n --> OT1/txss/bx/n on input line 40.
LaTeX Font Info:    Overwriting math alphabet `\mathbf' in version `bold'
(Font)                  OT1/txr/bx/n --> OT1/txss/bx/n on input line 40.
LaTeX Font Info:    Redeclaring math alphabet \mathsf on input line 40.
LaTeX Font Info:    Overwriting math alphabet `\mathsf' in version `normal'
(Font)                  OT1/txss/m/n --> OT1/txss/m/n on input line 40.
LaTeX Font Info:    Overwriting math alphabet `\mathsf' in version `bold'
(Font)                  OT1/txss/b/n --> OT1/txss/m/n on input line 40.
LaTeX Font Info:    Redeclaring math alphabet \mathit on input line 40.
LaTeX Font Info:    Overwriting math alphabet `\mathit' in version `normal'
(Font)                  OT1/txr/m/it --> OT1/txss/m/it on input line 40.
LaTeX Font Info:    Overwriting math alphabet `\mathit' in version `bold'
(Font)                  OT1/txr/bx/it --> OT1/txss/m/it on input line 40.
LaTeX Font Info:    Redeclaring math alphabet \mathtt on input line 40.
LaTeX Font Info:    Overwriting math alphabet `\mathtt' in version `normal'
(Font)                  OT1/txtt/m/n --> OT1/txtt/m/n on input line 40.
LaTeX Font Info:    Overwriting math alphabet `\mathtt' in version `bold'
(Font)                  OT1/txtt/b/n --> OT1/txtt/m/n on input line 40.
LaTeX Font Info:    Overwriting symbol font `numbers' in version `bold'
(Font)                  OT1/txss/m/n --> OT1/txss/bx/n on input line 40.
LaTeX Font Info:    Overwriting symbol font `pureletters' in version `bold'
(Font)                  OT1/txss/m/it --> OT1/txss/bx/it on input line 40.
LaTeX Font Info:    Overwriting math alphabet `\mathrm' in version `bold'
(Font)                  OT1/cmss/bx/n --> OT1/txr/bx/n on input line 40.
LaTeX Font Info:    Overwriting math alphabet `\mathbf' in version `bold'
(Font)                  OT1/txss/bx/n --> OT1/txss/bx/n on input line 40.
LaTeX Font Info:    Overwriting math alphabet `\mathsf' in version `bold'
(Font)                  OT1/txss/m/n --> OT1/txss/bx/n on input line 40.
LaTeX Font Info:    Overwriting math alphabet `\mathit' in version `bold'
(Font)                  OT1/txss/m/it --> OT1/txss/bx/it on input line 40.
LaTeX Font Info:    Overwriting math alphabet `\mathtt' in version `bold'
(Font)                  OT1/txtt/m/n --> OT1/txtt/bx/n on input line 40.

(/usr/share/texlive/texmf-dist/tex/latex/beamer/translator/dicts/translator-bas
ic-dictionary/translator-basic-dictionary-English.dict
Dictionary: translator-basic-dictionary, Language: English 
)
(/usr/share/texlive/texmf-dist/tex/latex/beamer/translator/dicts/translator-bib
liography-dictionary/translator-bibliography-dictionary-English.dict
Dictionary: translator-bibliography-dictionary, Language: English 
)
(/usr/share/texlive/texmf-dist/tex/latex/beamer/translator/dicts/translator-env
ironment-dictionary/translator-environment-dictionary-English.dict
Dictionary: translator-environment-dictionary, Language: English 
)
(/usr/share/texlive/texmf-dist/tex/latex/beamer/translator/dicts/translator-mon
ths-dictionary/translator-months-dictionary-English.dict
Dictionary: translator-months-dictionary, Language: English 
)
(/usr/share/texlive/texmf-dist/tex/latex/beamer/translator/dicts/translator-num
bers-dictionary/translator-numbers-dictionary-English.dict
Dictionary: translator-numbers-dictionary, Language: English 
)
(/usr/share/texlive/texmf-dist/tex/latex/beamer/translator/dicts/translator-the
orem-dictionary/translator-theorem-dictionary-English.dict
Dictionary: translator-theorem-dictionary, Language: English 
)
\c@lstlisting=\count267

(./chp1_handouts.nav)
LaTeX Font Info:    Font shape `OT1/txss/m/n' will be
(Font)              scaled to size 5.69998pt on input line 40.
<../oiLogo_highres.png, id=157, 472.76625pt x 144.54pt>
File: ../oiLogo_highres.png Graphic file (type png)
<use ../oiLogo_highres.png>
Package pdftex.def Info: ../oiLogo_highres.png  used on input line 57. on input
 line 57.
Package pdftex.def Info: Requested size: 56.9055pt x 17.39697pt on input line 5
7.
LaTeX Font Info:    Font shape `OT1/txss/m/n' will be
(Font)              scaled to size 13.67995pt on input line 57.
LaTeX Font Info:    Font shape `OT1/txss/m/n' will be
(Font)              scaled to size 7.59998pt on input line 57.
LaTeX Font Info:    Try loading font information for U+txsya on input line 57.

(/usr/share/texlive/texmf-dist/tex/latex/txfonts/utxsya.fd
File: utxsya.fd 2000/12/15 v3.1
)
LaTeX Font Info:    Try loading font information for U+txsyb on input line 57.

(/usr/share/texlive/texmf-dist/tex/latex/txfonts/utxsyb.fd
File: utxsyb.fd 2000/12/15 v3.1
)
LaTeX Font Info:    Try loading font information for OT1+txr on input line 57.

(/usr/share/texlive/texmf-dist/tex/latex/txfonts/ot1txr.fd
File: ot1txr.fd 2000/12/15 v3.1
)
LaTeX Font Info:    Try loading font information for U+txmia on input line 57.

(/usr/share/texlive/texmf-dist/tex/latex/txfonts/utxmia.fd
File: utxmia.fd 2000/12/15 v3.1
)
LaTeX Font Info:    Try loading font information for U+txsyc on input line 57.

(/usr/share/texlive/texmf-dist/tex/latex/txfonts/utxsyc.fd
File: utxsyc.fd 2000/12/15 v3.1
)
LaTeX Font Info:    Try loading font information for U+wasy on input line 57.

(/usr/share/texlive/texmf-dist/tex/latex/wasysym/uwasy.fd
File: uwasy.fd 2003/10/30 v2.0 Wasy-2 symbol font definitions
)
LaTeX Font Info:    Font shape `OT1/txss/m/n' will be
(Font)              scaled to size 4.74998pt on input line 57.
LaTeX Font Info:    Font shape `OT1/txss/m/it' in size <8> not available
(Font)              Font shape `OT1/txss/m/sl' tried instead on input line 57.
LaTeX Font Info:    Font shape `OT1/txss/m/sl' will be
(Font)              scaled to size 7.59998pt on input line 57.
LaTeX Font Info:    Font shape `OT1/txss/m/it' in size <6> not available
(Font)              Font shape `OT1/txss/m/sl' tried instead on input line 57.
LaTeX Font Info:    Font shape `OT1/txss/m/sl' will be
(Font)              scaled to size 5.69998pt on input line 57.
LaTeX Font Info:    Font shape `OT1/txss/m/it' in size <5> not available
(Font)              Font shape `OT1/txss/m/sl' tried instead on input line 57.
LaTeX Font Info:    Font shape `OT1/txss/m/sl' will be
(Font)              scaled to size 4.74998pt on input line 57.
LaTeX Font Info:    Font shape `OT1/txss/m/n' will be
(Font)              scaled to size 8.54997pt on input line 57.
LaTeX Font Info:    Font shape `OT1/txss/m/n' will be
(Font)              scaled to size 3.79999pt on input line 57.

(./1-1_case_study/1-1_case_study.tex
LaTeX Font Info:    Font shape `OT1/txss/m/n' will be
(Font)              scaled to size 9.49997pt on input line 39.
LaTeX Font Info:    Font shape `OT1/txss/m/it' in size <10> not available
(Font)              Font shape `OT1/txss/m/sl' tried instead on input line 39.
LaTeX Font Info:    Font shape `OT1/txss/m/sl' will be
(Font)              scaled to size 9.49997pt on input line 39.
LaTeX Font Info:    Font shape `OT1/txss/m/it' in size <10.95> not available
(Font)              Font shape `OT1/txss/m/sl' tried instead on input line 75.
LaTeX Font Info:    Font shape `OT1/txss/m/sl' will be
(Font)              scaled to size 10.40245pt on input line 75.
 [5

{/var/lib/texmf/fonts/map/pdftex/updmap/pdftex.map}



 <../oiLogo_highres.png>]) (./1-2_data_basics/1-2_data_basics.tex
LaTeX Font Info:    Try loading font information for OT1+txtt on input line 31.


(/usr/share/texlive/texmf-dist/tex/latex/txfonts/ot1txtt.fd
File: ot1txtt.fd 2000/12/15 v3.1
)
<1-2_data_basics/figures/variables/variables.pdf, id=179, pagebox=cropbox, 303.
1325pt x 108.405pt>
File: 1-2_data_basics/figures/variables/variables.pdf Graphic file (type pdf)
<use 1-2_data_basics/figures/variables/variables.pdf>
Package pdftex.def Info: 1-2_data_basics/figures/variables/variables.pdf  used 
on input line 44. on input line 44.
Package pdftex.def Info: Requested size: 288.35376pt x 103.12144pt on input lin
e 44.
LaTeX Font Info:    Font shape `OT1/txss/m/it' in size <9> not available
(Font)              Font shape `OT1/txss/m/sl' tried instead on input line 76.
LaTeX Font Info:    Font shape `OT1/txss/m/sl' will be
(Font)              scaled to size 8.54997pt on input line 76.
 [9




 <./1-2_data_basics/figures/variables/variables.pdf>]
<1-2_data_basics/figures/gpa_study_hours/gpa_study_hours.pdf, id=198, pagebox=c
ropbox, 505.89pt x 289.08pt>
File: 1-2_data_basics/figures/gpa_study_hours/gpa_study_hours.pdf Graphic file 
(type pdf)
<use 1-2_data_basics/figures/gpa_study_hours/gpa_study_hours.pdf>
Package pdftex.def Info: 1-2_data_basics/figures/gpa_study_hours/gpa_study_hour
s.pdf  used on input line 115. on input line 115.
Package pdftex.def Info: Requested size: 224.2757pt x 128.15718pt on input line
 115.
<1-2_data_basics/figures/possum_head_skull/possum_head_skull.pdf, id=199, pageb
ox=cropbox, 505.89pt x 289.08pt>
File: 1-2_data_basics/figures/possum_head_skull/possum_head_skull.pdf Graphic f
ile (type pdf)
<use 1-2_data_basics/figures/possum_head_skull/possum_head_skull.pdf>
Package pdftex.def Info: 1-2_data_basics/figures/possum_head_skull/possum_head_
skull.pdf  used on input line 142. on input line 142.
Package pdftex.def Info: Requested size: 160.19762pt x 91.54147pt on input line
 142.
 [13




 <./1-2_data_basics/figures/gpa_study_hours/gpa_study_hours.pdf> <./1-2_data_ba
sics/figures/possum_head_skull/possum_head_skull.pdf>])
(./1-3_data_collection_principles/1-3_data_collection_principles.tex
<1-3_data_collection_principles/figures/running.png, id=226, 615.29875pt x 468.
75125pt>
File: 1-3_data_collection_principles/figures/running.png Graphic file (type png
)
<use 1-3_data_collection_principles/figures/running.png>
Package pdftex.def Info: 1-3_data_collection_principles/figures/running.png  us
ed on input line 36. on input line 36.
Package pdftex.def Info: Requested size: 160.19762pt x 122.03696pt on input lin
e 36.
<1-3_data_collection_principles/figures/census_illegal_immig.png, id=228, 762.8
5pt x 368.37625pt>
File: 1-3_data_collection_principles/figures/census_illegal_immig.png Graphic f
ile (type png)
<use 1-3_data_collection_principles/figures/census_illegal_immig.png>
Package pdftex.def Info: 1-3_data_collection_principles/figures/census_illegal_
immig.png  used on input line 104. on input line 104.
Package pdftex.def Info: Requested size: 288.35376pt x 139.24245pt on input lin
e 104.
 [17




 <./1-3_data_collection_principles/figures/running.png>]
<1-3_data_collection_principles/figures/vol_resp_bias/vol_resp_bias_q.png, id=2
43, 218.8175pt x 160.6pt>
File: 1-3_data_collection_principles/figures/vol_resp_bias/vol_resp_bias_q.png 
Graphic file (type png)
<use 1-3_data_collection_principles/figures/vol_resp_bias/vol_resp_bias_q.png>
Package pdftex.def Info: 1-3_data_collection_principles/figures/vol_resp_bias/v
ol_resp_bias_q.png  used on input line 167. on input line 167.
Package pdftex.def Info: Requested size: 80.0988pt x 58.78882pt on input line 1
67.
<1-3_data_collection_principles/figures/vol_resp_bias/vol_resp_bias_res.png, id
=244, 218.8175pt x 174.6525pt>
File: 1-3_data_collection_principles/figures/vol_resp_bias/vol_resp_bias_res.pn
g Graphic file (type png)
<use 1-3_data_collection_principles/figures/vol_resp_bias/vol_resp_bias_res.png
>
Package pdftex.def Info: 1-3_data_collection_principles/figures/vol_resp_bias/v
ol_resp_bias_res.png  used on input line 167. on input line 167.
Package pdftex.def Info: Requested size: 80.0988pt x 63.93285pt on input line 1
67.
<1-3_data_collection_principles/figures/landon_fdr/landon.png, id=245, 40.65187
pt x 46.07213pt>
File: 1-3_data_collection_principles/figures/landon_fdr/landon.png Graphic file
 (type png)
<use 1-3_data_collection_principles/figures/landon_fdr/landon.png>
Package pdftex.def Info: 1-3_data_collection_principles/figures/landon_fdr/land
on.png  used on input line 193. on input line 193.
Package pdftex.def Info: Requested size: 112.14029pt x 127.10223pt on input lin
e 193.
<1-3_data_collection_principles/figures/landon_fdr/fdr.png, id=246, 245.91875pt
 x 289.08pt>
File: 1-3_data_collection_principles/figures/landon_fdr/fdr.png Graphic file (t
ype png)
<use 1-3_data_collection_principles/figures/landon_fdr/fdr.png>
Package pdftex.def Info: 1-3_data_collection_principles/figures/landon_fdr/fdr.
png  used on input line 193. on input line 193.
Package pdftex.def Info: Requested size: 112.14029pt x 131.82272pt on input lin
e 193.
<1-3_data_collection_principles/figures/literaryDigest.png, id=247, 218.8175pt 
x 301.125pt>
File: 1-3_data_collection_principles/figures/literaryDigest.png Graphic file (t
ype png)
<use 1-3_data_collection_principles/figures/literaryDigest.png>
Package pdftex.def Info: 1-3_data_collection_principles/figures/literaryDigest.
png  used on input line 226. on input line 226.
Package pdftex.def Info: Requested size: 96.11954pt x 132.27484pt on input line
 226.
 [21




 <./1-3_data_collection_principles/figures/census_illegal_immig.png> <./1-3_dat
a_collection_principles/figures/vol_resp_bias/vol_resp_bias_q.png> <./1-3_data_
collection_principles/figures/vol_resp_bias/vol_resp_bias_res.png> <./1-3_data_
collection_principles/figures/landon_fdr/landon.png (PNG copy)> <./1-3_data_col
lection_principles/figures/landon_fdr/fdr.png (PNG copy)>] [25




 <./1-3_data_collection_principles/figures/literaryDigest.png>]
<1-3_data_collection_principles/figures/xkcd_correlation.png, id=273, 414.64912
pt x 167.12437pt>
File: 1-3_data_collection_principles/figures/xkcd_correlation.png Graphic file 
(type png)
<use 1-3_data_collection_principles/figures/xkcd_correlation.png>
Package pdftex.def Info: 1-3_data_collection_principles/figures/xkcd_correlatio
n.png  used on input line 347. on input line 347.
Package pdftex.def Info: Requested size: 176.21835pt x 71.02563pt on input line
 347.
) (./1-4_obs_studies_sampling/1-4_obs_studies_sampling.tex
<1-4_obs_studies_sampling/figures/breakfast/breakfast1.png, id=275, 654.445pt x
 557.08125pt>
File: 1-4_obs_studies_sampling/figures/breakfast/breakfast1.png Graphic file (t
ype png)
<use 1-4_obs_studies_sampling/figures/breakfast/breakfast1.png>
Package pdftex.def Info: 1-4_obs_studies_sampling/figures/breakfast/breakfast1.
png  used on input line 20. on input line 20.
Package pdftex.def Info: Requested size: 256.31717pt x 218.17885pt on input lin
e 20.
<1-4_obs_studies_sampling/figures/breakfast/breakfast2.png, id=277, 347.2975pt 
x 110.4125pt>
File: 1-4_obs_studies_sampling/figures/breakfast/breakfast2.png Graphic file (t
ype png)
<use 1-4_obs_studies_sampling/figures/breakfast/breakfast2.png>
Package pdftex.def Info: 1-4_obs_studies_sampling/figures/breakfast/breakfast2.
png  used on input line 79. on input line 79.
Package pdftex.def Info: Requested size: 160.19762pt x 50.93187pt on input line
 79.
<1-4_obs_studies_sampling/figures/breakfast/breakfast3.png, id=278, 370.38374pt
 x 105.39375pt>
File: 1-4_obs_studies_sampling/figures/breakfast/breakfast3.png Graphic file (t
ype png)
<use 1-4_obs_studies_sampling/figures/breakfast/breakfast3.png>
Package pdftex.def Info: 1-4_obs_studies_sampling/figures/breakfast/breakfast3.
png  used on input line 79. on input line 79.
Package pdftex.def Info: Requested size: 160.19762pt x 45.58537pt on input line
 79.
<1-4_obs_studies_sampling/figures/breakfast/breakfast4.png, id=279, 412.54124pt
 x 115.43124pt>
File: 1-4_obs_studies_sampling/figures/breakfast/breakfast4.png Graphic file (t
ype png)
<use 1-4_obs_studies_sampling/figures/breakfast/breakfast4.png>
Package pdftex.def Info: 1-4_obs_studies_sampling/figures/breakfast/breakfast4.
png  used on input line 79. on input line 79.
Package pdftex.def Info: Requested size: 160.19762pt x 44.82425pt on input line
 79.


Class beamer Warning: Frame text is shrunk by a factor of 12.26959 percent inst
ead of 0 percent on input line 79.

[29




 <./1-3_data_collection_principles/figures/xkcd_correlation.png> <./1-4_obs_stu
dies_sampling/figures/breakfast/breakfast1.png>]
<1-4_obs_studies_sampling/figures/sampling_methods/simple.pdf, id=295, pagebox=
cropbox, 532.40115pt x 271.29364pt>
File: 1-4_obs_studies_sampling/figures/sampling_methods/simple.pdf Graphic file
 (type pdf)
<use 1-4_obs_studies_sampling/figures/sampling_methods/simple.pdf>
Package pdftex.def Info: 1-4_obs_studies_sampling/figures/sampling_methods/simp
le.pdf  used on input line 134. on input line 134.
Package pdftex.def Info: Requested size: 288.35376pt x 146.93932pt on input lin
e 134.
<1-4_obs_studies_sampling/figures/sampling_methods/stratified.pdf, id=296, page
box=cropbox, 533.995pt x 271.03198pt>
File: 1-4_obs_studies_sampling/figures/sampling_methods/stratified.pdf Graphic 
file (type pdf)
<use 1-4_obs_studies_sampling/figures/sampling_methods/stratified.pdf>
Package pdftex.def Info: 1-4_obs_studies_sampling/figures/sampling_methods/stra
tified.pdf  used on input line 147. on input line 147.
Package pdftex.def Info: Requested size: 288.35376pt x 146.35922pt on input lin
e 147.
 [33




 <./1-4_obs_studies_sampling/figures/breakfast/breakfast2.png> <./1-4_obs_studi
es_sampling/figures/breakfast/breakfast3.png> <./1-4_obs_studies_sampling/figur
es/breakfast/breakfast4.png> <./1-4_obs_studies_sampling/figures/sampling_metho
ds/simple.pdf>]
<1-4_obs_studies_sampling/figures/sampling_methods/cluster.pdf, id=332, pagebox
=cropbox, 533.995pt x 270.5283pt>
File: 1-4_obs_studies_sampling/figures/sampling_methods/cluster.pdf Graphic fil
e (type pdf)
<use 1-4_obs_studies_sampling/figures/sampling_methods/cluster.pdf>
Package pdftex.def Info: 1-4_obs_studies_sampling/figures/sampling_methods/clus
ter.pdf  used on input line 160. on input line 160.
Package pdftex.def Info: Requested size: 288.35376pt x 146.08722pt on input lin
e 160.
<1-4_obs_studies_sampling/figures/sampling_methods/multistage.pdf, id=333, page
box=cropbox, 533.19643pt x 270.70395pt>
File: 1-4_obs_studies_sampling/figures/sampling_methods/multistage.pdf Graphic 
file (type pdf)
<use 1-4_obs_studies_sampling/figures/sampling_methods/multistage.pdf>
Package pdftex.def Info: 1-4_obs_studies_sampling/figures/sampling_methods/mult
istage.pdf  used on input line 173. on input line 173.
Package pdftex.def Info: Requested size: 288.35376pt x 146.39687pt on input lin
e 173.
)
(./1-5_experiments/1-5_experiments.tex [37




 <./1-4_obs_studies_sampling/figures/sampling_methods/stratified.pdf> <./1-4_ob
s_studies_sampling/figures/sampling_methods/cluster.pdf> <./1-4_obs_studies_sam
pling/figures/sampling_methods/multistage.pdf>]
<1-3_data_collection_principles/figures/gu.png, id=405, 251.94125pt x 519.9425p
t>
File: 1-3_data_collection_principles/figures/gu.png Graphic file (type png)
<use 1-3_data_collection_principles/figures/gu.png>
Package pdftex.def Info: 1-3_data_collection_principles/figures/gu.png  used on
 input line 66. on input line 66.
Package pdftex.def Info: Requested size: 80.0988pt x 165.29808pt on input line 
66.
 [41




 <./1-3_data_collection_principles/figures/gu.png>]
<1-5_experiments/figures/random_sample_assignment.pdf, id=418, pagebox=cropbox,
 980.71227pt x 498.85382pt>
File: 1-5_experiments/figures/random_sample_assignment.pdf Graphic file (type p
df)
<use 1-5_experiments/figures/random_sample_assignment.pdf>
Package pdftex.def Info: 1-5_experiments/figures/random_sample_assignment.pdf  
used on input line 145. on input line 145.
Package pdftex.def Info: Requested size: 320.39525pt x 162.97047pt on input lin
e 145.
)
(./1-6_numerical_data/1-6_numerical_data.tex
<1-6_numerical_data/figures/life_exp_child.png, id=419, 632.3625pt x 485.815pt>

File: 1-6_numerical_data/figures/life_exp_child.png Graphic file (type png)
<use 1-6_numerical_data/figures/life_exp_child.png>
Package pdftex.def Info: 1-6_numerical_data/figures/life_exp_child.png  used on
 input line 36. on input line 36.
Package pdftex.def Info: Requested size: 128.15614pt x 98.45113pt on input line
 36.
<1-6_numerical_data/figures/gpa_dot_plot/gpa_dot_plot.pdf, id=421, pagebox=crop
box, 505.89pt x 108.405pt>
File: 1-6_numerical_data/figures/gpa_dot_plot/gpa_dot_plot.pdf Graphic file (ty
pe pdf)
<use 1-6_numerical_data/figures/gpa_dot_plot/gpa_dot_plot.pdf>
Package pdftex.def Info: 1-6_numerical_data/figures/gpa_dot_plot/gpa_dot_plot.p
df  used on input line 55. on input line 55.
Package pdftex.def Info: Requested size: 320.39525pt x 68.65775pt on input line
 55.
 [45




 <./1-5_experiments/figures/random_sample_assignment.pdf> <./1-6_numerical_data
/figures/life_exp_child.png>]
<1-6_numerical_data/figures/gpa_dot_plot/gpa_dot_plot_mean.pdf, id=458, pagebox
=cropbox, 505.89pt x 108.405pt>
File: 1-6_numerical_data/figures/gpa_dot_plot/gpa_dot_plot_mean.pdf Graphic fil
e (type pdf)
<use 1-6_numerical_data/figures/gpa_dot_plot/gpa_dot_plot_mean.pdf>
Package pdftex.def Info: 1-6_numerical_data/figures/gpa_dot_plot/gpa_dot_plot_m
ean.pdf  used on input line 75. on input line 75.
Package pdftex.def Info: Requested size: 320.39525pt x 68.65775pt on input line
 75.
<1-6_numerical_data/figures/gpa_dot_plot/gpa_dot_plot_stacked.pdf, id=459, page
box=cropbox, 505.89pt x 216.81pt>
File: 1-6_numerical_data/figures/gpa_dot_plot/gpa_dot_plot_stacked.pdf Graphic 
file (type pdf)
<use 1-6_numerical_data/figures/gpa_dot_plot/gpa_dot_plot_stacked.pdf>
Package pdftex.def Info: 1-6_numerical_data/figures/gpa_dot_plot/gpa_dot_plot_s
tacked.pdf  used on input line 109. on input line 109.
Package pdftex.def Info: Requested size: 320.39525pt x 137.31552pt on input lin
e 109.
\openout4 = `chp1_handouts.vrb'.


(./chp1_handouts.vrb
<1-6_numerical_data/figures/extracurr_hrs_hist/extracurr_hrs_hist.pdf, id=460, 
pagebox=cropbox, 505.89pt x 289.08pt>
File: 1-6_numerical_data/figures/extracurr_hrs_hist/extracurr_hrs_hist.pdf Grap
hic file (type pdf)
<use 1-6_numerical_data/figures/extracurr_hrs_hist/extracurr_hrs_hist.pdf>
Package pdftex.def Info: 1-6_numerical_data/figures/extracurr_hrs_hist/extracur
r_hrs_hist.pdf  used on input line 14. on input line 14.
Package pdftex.def Info: Requested size: 240.29643pt x 137.31442pt on input lin
e 14.
) [49




 <./1-6_numerical_data/figures/gpa_dot_plot/gpa_dot_plot.pdf> <./1-6_numerical_
data/figures/gpa_dot_plot/gpa_dot_plot_mean.pdf> <./1-6_numerical_data/figures/
gpa_dot_plot/gpa_dot_plot_stacked.pdf>]
<1-6_numerical_data/figures/extracurr_hrs_hist/extracurr_hrs_hist2.pdf, id=496,
 pagebox=cropbox, 505.89pt x 289.08pt>
File: 1-6_numerical_data/figures/extracurr_hrs_hist/extracurr_hrs_hist2.pdf Gra
phic file (type pdf)
<use 1-6_numerical_data/figures/extracurr_hrs_hist/extracurr_hrs_hist2.pdf>
Package pdftex.def Info: 1-6_numerical_data/figures/extracurr_hrs_hist/extracur
r_hrs_hist2.pdf  used on input line 150. on input line 150.
Package pdftex.def Info: Requested size: 144.17688pt x 82.38864pt on input line
 150.
File: 1-6_numerical_data/figures/extracurr_hrs_hist/extracurr_hrs_hist.pdf Grap
hic file (type pdf)
<use 1-6_numerical_data/figures/extracurr_hrs_hist/extracurr_hrs_hist.pdf>
Package pdftex.def Info: 1-6_numerical_data/figures/extracurr_hrs_hist/extracur
r_hrs_hist.pdf  used on input line 150. on input line 150.
Package pdftex.def Info: Requested size: 144.17688pt x 82.38864pt on input line
 150.
<1-6_numerical_data/figures/extracurr_hrs_hist/extracurr_hrs_hist20.pdf, id=497
, pagebox=cropbox, 505.89pt x 289.08pt>
File: 1-6_numerical_data/figures/extracurr_hrs_hist/extracurr_hrs_hist20.pdf Gr
aphic file (type pdf)
<use 1-6_numerical_data/figures/extracurr_hrs_hist/extracurr_hrs_hist20.pdf>
Package pdftex.def Info: 1-6_numerical_data/figures/extracurr_hrs_hist/extracur
r_hrs_hist20.pdf  used on input line 150. on input line 150.
Package pdftex.def Info: Requested size: 144.17688pt x 82.38864pt on input line
 150.
<1-6_numerical_data/figures/extracurr_hrs_hist/extracurr_hrs_hist30.pdf, id=498
, pagebox=cropbox, 505.89pt x 289.08pt>
File: 1-6_numerical_data/figures/extracurr_hrs_hist/extracurr_hrs_hist30.pdf Gr
aphic file (type pdf)
<use 1-6_numerical_data/figures/extracurr_hrs_hist/extracurr_hrs_hist30.pdf>
Package pdftex.def Info: 1-6_numerical_data/figures/extracurr_hrs_hist/extracur
r_hrs_hist30.pdf  used on input line 150. on input line 150.
Package pdftex.def Info: Requested size: 144.17688pt x 82.38864pt on input line
 150.
<1-6_numerical_data/figures/singleBiMultiModalUnifPlots/singleBiMultiModalUnifP
lots.pdf, id=499, pagebox=cropbox, 505.89pt x 144.54pt>
File: 1-6_numerical_data/figures/singleBiMultiModalUnifPlots/singleBiMultiModal
UnifPlots.pdf Graphic file (type pdf)
<use 1-6_numerical_data/figures/singleBiMultiModalUnifPlots/singleBiMultiModalU
nifPlots.pdf>
Package pdftex.def Info: 1-6_numerical_data/figures/singleBiMultiModalUnifPlots
/singleBiMultiModalUnifPlots.pdf  used on input line 165. on input line 165.
Package pdftex.def Info: Requested size: 240.29643pt x 68.6572pt on input line 
165.
<1-6_numerical_data/figures/skewedSymPlots/skewedSymPlots.pdf, id=500, pagebox=
cropbox, 505.89pt x 216.81pt>
File: 1-6_numerical_data/figures/skewedSymPlots/skewedSymPlots.pdf Graphic file
 (type pdf)
<use 1-6_numerical_data/figures/skewedSymPlots/skewedSymPlots.pdf>
Package pdftex.def Info: 1-6_numerical_data/figures/skewedSymPlots/skewedSymPlo
ts.pdf  used on input line 180. on input line 180.
Package pdftex.def Info: Requested size: 256.31717pt x 109.85043pt on input lin
e 180.
<1-6_numerical_data/figures/outlierPlots/outlierPlots.pdf, id=501, pagebox=crop
box, 505.89pt x 216.81pt>
File: 1-6_numerical_data/figures/outlierPlots/outlierPlots.pdf Graphic file (ty
pe pdf)
<use 1-6_numerical_data/figures/outlierPlots/outlierPlots.pdf>
Package pdftex.def Info: 1-6_numerical_data/figures/outlierPlots/outlierPlots.p
df  used on input line 193. on input line 193.
Package pdftex.def Info: Requested size: 256.31717pt x 109.85043pt on input lin
e 193.
 [53




 <./1-6_numerical_data/figures/extracurr_hrs_hist/extracurr_hrs_hist.pdf> <./1-
6_numerical_data/figures/extracurr_hrs_hist/extracurr_hrs_hist2.pdf> <./1-6_num
erical_data/figures/extracurr_hrs_hist/extracurr_hrs_hist20.pdf> <./1-6_numeric
al_data/figures/extracurr_hrs_hist/extracurr_hrs_hist30.pdf> <./1-6_numerical_d
ata/figures/singleBiMultiModalUnifPlots/singleBiMultiModalUnifPlots.pdf> <./1-6
_numerical_data/figures/skewedSymPlots/skewedSymPlots.pdf>]
File: 1-6_numerical_data/figures/extracurr_hrs_hist/extracurr_hrs_hist.pdf Grap
hic file (type pdf)
<use 1-6_numerical_data/figures/extracurr_hrs_hist/extracurr_hrs_hist.pdf>
Package pdftex.def Info: 1-6_numerical_data/figures/extracurr_hrs_hist/extracur
r_hrs_hist.pdf  used on input line 208. on input line 208.
Package pdftex.def Info: Requested size: 240.29643pt x 137.31442pt on input lin
e 208.
<1-6_numerical_data/figures/shape_sketches/unimodal.png, id=544, 691.58376pt x 
411.5375pt>
File: 1-6_numerical_data/figures/shape_sketches/unimodal.png Graphic file (type
 png)
<use 1-6_numerical_data/figures/shape_sketches/unimodal.png>
Package pdftex.def Info: 1-6_numerical_data/figures/shape_sketches/unimodal.png
  used on input line 263. on input line 263.
Package pdftex.def Info: Requested size: 80.0988pt x 47.66177pt on input line 2
63.
<1-6_numerical_data/figures/shape_sketches/bimodal.png, id=545, 953.5625pt x 45
7.71pt>
File: 1-6_numerical_data/figures/shape_sketches/bimodal.png Graphic file (type 
png)
<use 1-6_numerical_data/figures/shape_sketches/bimodal.png>
Package pdftex.def Info: 1-6_numerical_data/figures/shape_sketches/bimodal.png 
 used on input line 263. on input line 263.
Package pdftex.def Info: Requested size: 80.0988pt x 38.44737pt on input line 2
63.
<1-6_numerical_data/figures/shape_sketches/multimodal.png, id=546, 1023.825pt x
 524.96124pt>
File: 1-6_numerical_data/figures/shape_sketches/multimodal.png Graphic file (ty
pe png)
<use 1-6_numerical_data/figures/shape_sketches/multimodal.png>
Package pdftex.def Info: 1-6_numerical_data/figures/shape_sketches/multimodal.p
ng  used on input line 263. on input line 263.
Package pdftex.def Info: Requested size: 80.0988pt x 41.06856pt on input line 2
63.
<1-6_numerical_data/figures/shape_sketches/uniform.png, id=547, 555.07375pt x 4
18.56375pt>
File: 1-6_numerical_data/figures/shape_sketches/uniform.png Graphic file (type 
png)
<use 1-6_numerical_data/figures/shape_sketches/uniform.png>
Package pdftex.def Info: 1-6_numerical_data/figures/shape_sketches/uniform.png 
 used on input line 263. on input line 263.
Package pdftex.def Info: Requested size: 80.0988pt x 60.39958pt on input line 2
63.
<1-6_numerical_data/figures/shape_sketches/right_skew.png, id=548, 907.39pt x 4
61.725pt>
File: 1-6_numerical_data/figures/shape_sketches/right_skew.png Graphic file (ty
pe png)
<use 1-6_numerical_data/figures/shape_sketches/right_skew.png>
Package pdftex.def Info: 1-6_numerical_data/figures/shape_sketches/right_skew.p
ng  used on input line 263. on input line 263.
Package pdftex.def Info: Requested size: 80.0988pt x 40.75732pt on input line 2
63.
<1-6_numerical_data/figures/shape_sketches/left_skew.png, id=549, 874.26625pt x
 407.5225pt>
File: 1-6_numerical_data/figures/shape_sketches/left_skew.png Graphic file (typ
e png)
<use 1-6_numerical_data/figures/shape_sketches/left_skew.png>
Package pdftex.def Info: 1-6_numerical_data/figures/shape_sketches/left_skew.pn
g  used on input line 263. on input line 263.
Package pdftex.def Info: Requested size: 80.0988pt x 37.33458pt on input line 2
63.
<1-6_numerical_data/figures/shape_sketches/symmetric.png, id=550, 736.7525pt x 
474.77374pt>
File: 1-6_numerical_data/figures/shape_sketches/symmetric.png Graphic file (typ
e png)
<use 1-6_numerical_data/figures/shape_sketches/symmetric.png>
Package pdftex.def Info: 1-6_numerical_data/figures/shape_sketches/symmetric.pn
g  used on input line 263. on input line 263.
Package pdftex.def Info: Requested size: 80.0988pt x 51.61673pt on input line 2
63.
 [57




 <./1-6_numerical_data/figures/outlierPlots/outlierPlots.pdf> <./1-6_numerical_
data/figures/shape_sketches/unimodal.png> <./1-6_numerical_data/figures/shape_s
ketches/bimodal.png> <./1-6_numerical_data/figures/shape_sketches/multimodal.pn
g> <./1-6_numerical_data/figures/shape_sketches/uniform.png> <./1-6_numerical_d
ata/figures/shape_sketches/right_skew.png> <./1-6_numerical_data/figures/shape_
sketches/left_skew.png> <./1-6_numerical_data/figures/shape_sketches/symmetric.
png>]
<1-6_numerical_data/figures/typical.png, id=574, 651.43375pt x 399.4925pt>
File: 1-6_numerical_data/figures/typical.png Graphic file (type png)
<use 1-6_numerical_data/figures/typical.png>
Package pdftex.def Info: 1-6_numerical_data/figures/typical.png  used on input 
line 314. on input line 314.
Package pdftex.def Info: Requested size: 240.29643pt x 147.35881pt on input lin
e 314.
<1-6_numerical_data/figures/sleep_hist/sleep_hist.pdf, id=576, pagebox=cropbox,
 505.89pt x 289.08pt>
File: 1-6_numerical_data/figures/sleep_hist/sleep_hist.pdf Graphic file (type p
df)
<use 1-6_numerical_data/figures/sleep_hist/sleep_hist.pdf>
Package pdftex.def Info: 1-6_numerical_data/figures/sleep_hist/sleep_hist.pdf  
used on input line 356. on input line 356.
Package pdftex.def Info: Requested size: 160.19762pt x 91.54147pt on input line
 356.
File: 1-6_numerical_data/figures/sleep_hist/sleep_hist.pdf Graphic file (type p
df)
<use 1-6_numerical_data/figures/sleep_hist/sleep_hist.pdf>
Package pdftex.def Info: 1-6_numerical_data/figures/sleep_hist/sleep_hist.pdf  
used on input line 405. on input line 405.
Package pdftex.def Info: Requested size: 160.19762pt x 91.54147pt on input line
 405.
 [61




 <./1-6_numerical_data/figures/typical.png> <./1-6_numerical_data/figures/sleep
_hist/sleep_hist.pdf>]
\openout4 = `chp1_handouts.vrb'.

 (./chp1_handouts.vrb
Overfull \hbox (21.90005pt too wide) in paragraph at lines 11--13
[]  
 []

)
<1-6_numerical_data/figures/study_hours/study_hours_box.pdf, id=597, pagebox=cr
opbox, 433.62pt x 289.08pt>
File: 1-6_numerical_data/figures/study_hours/study_hours_box.pdf Graphic file (
type pdf)
<use 1-6_numerical_data/figures/study_hours/study_hours_box.pdf>
Package pdftex.def Info: 1-6_numerical_data/figures/study_hours/study_hours_box
.pdf  used on input line 462. on input line 462.
Package pdftex.def Info: Requested size: 224.2757pt x 149.51965pt on input line
 462.
<1-6_numerical_data/figures/study_hours/study_hours_box_layout.pdf, id=598, pag
ebox=cropbox, 433.62pt x 289.08pt>
File: 1-6_numerical_data/figures/study_hours/study_hours_box_layout.pdf Graphic
 file (type pdf)
<use 1-6_numerical_data/figures/study_hours/study_hours_box_layout.pdf>
Package pdftex.def Info: 1-6_numerical_data/figures/study_hours/study_hours_box
_layout.pdf  used on input line 473. on input line 473.
Package pdftex.def Info: Requested size: 304.3745pt x 202.92804pt on input line
 473.
 [65




 <./1-6_numerical_data/figures/study_hours/study_hours_box.pdf>]
\openout4 = `chp1_handouts.vrb'.


(./chp1_handouts.vrb
Overfull \hbox (21.90005pt too wide) in paragraph at lines 5--16
[] 
 []

LaTeX Font Info:    Font shape `OT1/txss/m/n' will be
(Font)              scaled to size 6.64998pt on input line 16.
LaTeX Font Info:    Font shape `OT1/txss/m/it' in size <7> not available
(Font)              Font shape `OT1/txss/m/sl' tried instead on input line 16.
LaTeX Font Info:    Font shape `OT1/txss/m/sl' will be
(Font)              scaled to size 6.64998pt on input line 16.
)
<1-6_numerical_data/figures/house_income/house_income_dot_stacked.pdf, id=617, 
pagebox=cropbox, 505.89pt x 216.81pt>
File: 1-6_numerical_data/figures/house_income/house_income_dot_stacked.pdf Grap
hic file (type pdf)
<use 1-6_numerical_data/figures/house_income/house_income_dot_stacked.pdf>
Package pdftex.def Info: 1-6_numerical_data/figures/house_income/house_income_d
ot_stacked.pdf  used on input line 542. on input line 542.
Package pdftex.def Info: Requested size: 320.39525pt x 137.31552pt on input lin
e 542.
File: 1-6_numerical_data/figures/house_income/house_income_dot_stacked.pdf Grap
hic file (type pdf)
<use 1-6_numerical_data/figures/house_income/house_income_dot_stacked.pdf>
Package pdftex.def Info: 1-6_numerical_data/figures/house_income/house_income_d
ot_stacked.pdf  used on input line 568. on input line 568.
Package pdftex.def Info: Requested size: 320.39525pt x 137.31552pt on input lin
e 568.
LaTeX Font Info:    Font shape `OT1/txss/bx/n' in size <10> not available
(Font)              Font shape `OT1/txss/b/n' tried instead on input line 568.
LaTeX Font Info:    Font shape `OT1/txss/b/n' will be
(Font)              scaled to size 9.49997pt on input line 568.
 [69




 <./1-6_numerical_data/figures/study_hours/study_hours_box_layout.pdf> <./1-6_n
umerical_data/figures/house_income/house_income_dot_stacked.pdf>]
<1-6_numerical_data/figures/mean_med/sym.pdf, id=646, pagebox=cropbox, 361.35pt
 x 216.81pt>
File: 1-6_numerical_data/figures/mean_med/sym.pdf Graphic file (type pdf)
<use 1-6_numerical_data/figures/mean_med/sym.pdf>
Package pdftex.def Info: 1-6_numerical_data/figures/mean_med/sym.pdf  used on i
nput line 618. on input line 618.
Package pdftex.def Info: Requested size: 105.73102pt x 63.439pt on input line 6
18.
<1-6_numerical_data/figures/mean_med/rs.pdf, id=647, pagebox=cropbox, 361.35pt 
x 216.81pt>
File: 1-6_numerical_data/figures/mean_med/rs.pdf Graphic file (type pdf)
<use 1-6_numerical_data/figures/mean_med/rs.pdf>
Package pdftex.def Info: 1-6_numerical_data/figures/mean_med/rs.pdf  used on in
put line 618. on input line 618.
Package pdftex.def Info: Requested size: 105.73102pt x 63.439pt on input line 6
18.
<1-6_numerical_data/figures/mean_med/ls.pdf, id=648, pagebox=cropbox, 361.35pt 
x 216.81pt>
File: 1-6_numerical_data/figures/mean_med/ls.pdf Graphic file (type pdf)
<use 1-6_numerical_data/figures/mean_med/ls.pdf>
Package pdftex.def Info: 1-6_numerical_data/figures/mean_med/ls.pdf  used on in
put line 618. on input line 618.
Package pdftex.def Info: Requested size: 105.73102pt x 63.439pt on input line 6
18.
<1-6_numerical_data/figures/notes_perc/notes_perc_hist.pdf, id=649, pagebox=cro
pbox, 505.89pt x 289.08pt>
File: 1-6_numerical_data/figures/notes_perc/notes_perc_hist.pdf Graphic file (t
ype pdf)
<use 1-6_numerical_data/figures/notes_perc/notes_perc_hist.pdf>
Package pdftex.def Info: 1-6_numerical_data/figures/notes_perc/notes_perc_hist.
pdf  used on input line 651. on input line 651.
Package pdftex.def Info: Requested size: 201.84676pt x 115.34323pt on input lin
e 651.
<1-6_numerical_data/figures/basket_games/basket_games_hist.pdf, id=650, pagebox
=cropbox, 505.89pt x 289.08pt>
File: 1-6_numerical_data/figures/basket_games/basket_games_hist.pdf Graphic fil
e (type pdf)
<use 1-6_numerical_data/figures/basket_games/basket_games_hist.pdf>
Package pdftex.def Info: 1-6_numerical_data/figures/basket_games/basket_games_h
ist.pdf  used on input line 673. on input line 673.
Package pdftex.def Info: Requested size: 160.19762pt x 91.54147pt on input line
 673.
<1-6_numerical_data/figures/basket_games/basket_games_hist_log.pdf, id=651, pag
ebox=cropbox, 505.89pt x 289.08pt>
File: 1-6_numerical_data/figures/basket_games/basket_games_hist_log.pdf Graphic
 file (type pdf)
<use 1-6_numerical_data/figures/basket_games/basket_games_hist_log.pdf>
Package pdftex.def Info: 1-6_numerical_data/figures/basket_games/basket_games_h
ist_log.pdf  used on input line 673. on input line 673.
Package pdftex.def Info: Requested size: 160.19762pt x 91.54147pt on input line
 673.

Overfull \vbox (40.58815pt too high) detected at line 673
 []

[73




 <./1-6_numerical_data/figures/mean_med/sym.pdf> <./1-6_numerical_data/figures/
mean_med/rs.pdf> <./1-6_numerical_data/figures/mean_med/ls.pdf> <./1-6_numerica
l_data/figures/notes_perc/notes_perc_hist.pdf>]
<1-6_numerical_data/figures/change_in_pop_intensity.png, id=687, 886.31125pt x 
393.47pt>
File: 1-6_numerical_data/figures/change_in_pop_intensity.png Graphic file (type
 png)
<use 1-6_numerical_data/figures/change_in_pop_intensity.png>
Package pdftex.def Info: 1-6_numerical_data/figures/change_in_pop_intensity.png
  used on input line 721. on input line 721.
Package pdftex.def Info: Requested size: 304.3745pt x 135.12288pt on input line
 721.
)
(./1-7_categorical_data/1-7_categorical_data.tex
<1-7_categorical_data/figures/gender_spouse/gender_bar.pdf, id=689, pagebox=cro
pbox, 505.89pt x 289.08pt>
File: 1-7_categorical_data/figures/gender_spouse/gender_bar.pdf Graphic file (t
ype pdf)
<use 1-7_categorical_data/figures/gender_spouse/gender_bar.pdf>
Package pdftex.def Info: 1-7_categorical_data/figures/gender_spouse/gender_bar.
pdf  used on input line 54. on input line 54.
Package pdftex.def Info: Requested size: 144.17688pt x 82.38864pt on input line
 54.
<1-7_categorical_data/figures/gender_spouse/gender_rel_bar.pdf, id=690, pagebox
=cropbox, 505.89pt x 289.08pt>
File: 1-7_categorical_data/figures/gender_spouse/gender_rel_bar.pdf Graphic fil
e (type pdf)
<use 1-7_categorical_data/figures/gender_spouse/gender_rel_bar.pdf>
Package pdftex.def Info: 1-7_categorical_data/figures/gender_spouse/gender_rel_
bar.pdf  used on input line 54. on input line 54.
Package pdftex.def Info: Requested size: 144.17688pt x 82.38864pt on input line
 54.
 [77




 <./1-6_numerical_data/figures/basket_games/basket_games_hist.pdf> <./1-6_numer
ical_data/figures/basket_games/basket_games_hist_log.pdf> <./1-6_numerical_data
/figures/change_in_pop_intensity.png>]
<1-7_categorical_data/figures/gender_spouse/gender_seg_bar.pdf, id=715, pagebox
=cropbox, 361.35pt x 361.35pt>
File: 1-7_categorical_data/figures/gender_spouse/gender_seg_bar.pdf Graphic fil
e (type pdf)
<use 1-7_categorical_data/figures/gender_spouse/gender_seg_bar.pdf>
Package pdftex.def Info: 1-7_categorical_data/figures/gender_spouse/gender_seg_
bar.pdf  used on input line 118. on input line 118.
Package pdftex.def Info: Requested size: 105.73102pt x 105.73166pt on input lin
e 118.
<1-7_categorical_data/figures/gender_spouse/gender_rel_seg_bar.pdf, id=716, pag
ebox=cropbox, 361.35pt x 361.35pt>
File: 1-7_categorical_data/figures/gender_spouse/gender_rel_seg_bar.pdf Graphic
 file (type pdf)
<use 1-7_categorical_data/figures/gender_spouse/gender_rel_seg_bar.pdf>
Package pdftex.def Info: 1-7_categorical_data/figures/gender_spouse/gender_rel_
seg_bar.pdf  used on input line 118. on input line 118.
Package pdftex.def Info: Requested size: 105.73102pt x 105.73166pt on input lin
e 118.
<1-7_categorical_data/figures/gender_spouse/gender_mosaic.pdf, id=717, pagebox=
cropbox, 361.35pt x 361.35pt>
File: 1-7_categorical_data/figures/gender_spouse/gender_mosaic.pdf Graphic file
 (type pdf)
<use 1-7_categorical_data/figures/gender_spouse/gender_mosaic.pdf>
Package pdftex.def Info: 1-7_categorical_data/figures/gender_spouse/gender_mosa
ic.pdf  used on input line 118. on input line 118.
Package pdftex.def Info: Requested size: 105.73102pt x 105.73166pt on input lin
e 118.

Overfull \vbox (16.42105pt too high) detected at line 118
 []

<1-7_categorical_data/figures/mammal_pie_chart/mammal_pie_chart.pdf, id=718, pa
gebox=cropbox, 272.67496pt x 272.27457pt>
File: 1-7_categorical_data/figures/mammal_pie_chart/mammal_pie_chart.pdf Graphi
c file (type pdf)
<use 1-7_categorical_data/figures/mammal_pie_chart/mammal_pie_chart.pdf>
Package pdftex.def Info: 1-7_categorical_data/figures/mammal_pie_chart/mammal_p
ie_chart.pdf  used on input line 140. on input line 140.
Package pdftex.def Info: Requested size: 128.15614pt x 127.96906pt on input lin
e 140.
<1-7_categorical_data/figures/mammal_pie_chart/mammal_pie_chart_legend.pdf, id=
719, pagebox=cropbox, 170.08604pt x 437.30046pt>
File: 1-7_categorical_data/figures/mammal_pie_chart/mammal_pie_chart_legend.pdf
 Graphic file (type pdf)
<use 1-7_categorical_data/figures/mammal_pie_chart/mammal_pie_chart_legend.pdf>

Package pdftex.def Info: 1-7_categorical_data/figures/mammal_pie_chart/mammal_p
ie_chart_legend.pdf  used on input line 140. on input line 140.
Package pdftex.def Info: Requested size: 64.07806pt x 164.75462pt on input line
 140.
<1-7_categorical_data/figures/year_clubs/year_clubs.pdf, id=721, pagebox=cropbo
x, 650.43pt x 289.08pt>
File: 1-7_categorical_data/figures/year_clubs/year_clubs.pdf Graphic file (type
 pdf)
<use 1-7_categorical_data/figures/year_clubs/year_clubs.pdf>
Package pdftex.def Info: 1-7_categorical_data/figures/year_clubs/year_clubs.pdf
  used on input line 158. on input line 158.
Package pdftex.def Info: Requested size: 320.39525pt x 142.4003pt on input line
 158.
[81




 <./1-7_categorical_data/figures/gender_spouse/gender_bar.pdf> <./1-7_categoric
al_data/figures/gender_spouse/gender_rel_bar.pdf> <./1-7_categorical_data/figur
es/gender_spouse/gender_seg_bar.pdf> <./1-7_categorical_data/figures/gender_spo
use/gender_rel_seg_bar.pdf> <./1-7_categorical_data/figures/gender_spouse/gende
r_mosaic.pdf> <./1-7_categorical_data/figures/mammal_pie_chart/mammal_pie_chart
.pdf> <./1-7_categorical_data/figures/mammal_pie_chart/mammal_pie_chart_legend.
pdf>]) (./1-8_gender_discrimination/1-8_gender_discrimination.tex
LaTeX Font Info:    Font shape `OT1/txss/bx/n' in size <10.95> not available
(Font)              Font shape `OT1/txss/b/n' tried instead on input line 59.
LaTeX Font Info:    Font shape `OT1/txss/b/n' will be
(Font)              scaled to size 10.40245pt on input line 59.
 [85




 <./1-7_categorical_data/figures/year_clubs/year_clubs.pdf>]
<1-8_gender_discrimination/figures/trial.png, id=811, 356.83313pt x 275.52937pt
>
File: 1-8_gender_discrimination/figures/trial.png Graphic file (type png)
<use 1-8_gender_discrimination/figures/trial.png>
Package pdftex.def Info: 1-8_gender_discrimination/figures/trial.png  used on i
nput line 140. on input line 140.
Package pdftex.def Info: Requested size: 160.19762pt x 123.69698pt on input lin
e 140.
 [89




 <./1-8_gender_discrimination/figures/trial.png (PNG copy)>]
<1-8_gender_discrimination/figures/step1.png, id=824, 1079.03125pt x 585.18625p
t>
File: 1-8_gender_discrimination/figures/step1.png Graphic file (type png)
<use 1-8_gender_discrimination/figures/step1.png>
Package pdftex.def Info: 1-8_gender_discrimination/figures/step1.png  used on i
nput line 253. on input line 253.
Package pdftex.def Info: Requested size: 320.39525pt x 173.76245pt on input lin
e 253.
<1-8_gender_discrimination/figures/step2.png, id=825, 1617.04124pt x 1001.7425p
t>
File: 1-8_gender_discrimination/figures/step2.png Graphic file (type png)
<use 1-8_gender_discrimination/figures/step2.png>
Package pdftex.def Info: 1-8_gender_discrimination/figures/step2.png  used on i
nput line 265. on input line 265.
Package pdftex.def Info: Requested size: 320.39525pt x 198.48013pt on input lin
e 265.
 [93




 <./1-8_gender_discrimination/figures/step1.png>]
<1-8_gender_discrimination/figures/discRandDotPlot/discRandDotPlot.pdf, id=839,
 pagebox=cropbox, 361.35pt x 216.81pt>
File: 1-8_gender_discrimination/figures/discRandDotPlot/discRandDotPlot.pdf Gra
phic file (type pdf)
<use 1-8_gender_discrimination/figures/discRandDotPlot/discRandDotPlot.pdf>
Package pdftex.def Info: 1-8_gender_discrimination/figures/discRandDotPlot/disc
RandDotPlot.pdf  used on input line 297. on input line 297.
Package pdftex.def Info: Requested size: 256.31717pt x 153.7906pt on input line
 297.
)
\tf@nav=\write7
\openout7 = `chp1_handouts.nav'.

\tf@toc=\write8
\openout8 = `chp1_handouts.toc'.

\tf@snm=\write9
\openout9 = `chp1_handouts.snm'.

 [96



 <./1-8_gender_discrimination/figures/step2.png> <./1-8_gender_discrimination/f
igures/discRandDotPlot/discRandDotPlot.pdf>]
Package atveryend Info: Empty hook `BeforeClearDocument' on input line 80.
Package atveryend Info: Empty hook `AfterLastShipout' on input line 80.

(./chp1_handouts.aux)
Package atveryend Info: Executing hook `AtVeryEndDocument' on input line 80.
Package atveryend Info: Executing hook `AtEndAfterFileList' on input line 80.
Package rerunfilecheck Info: File `chp1_handouts.out' has not changed.
(rerunfilecheck)             Checksum: 8EA15EBAF4437717E54325456EE7DC45;2590.
 ) 
Here is how much of TeX's memory you used:
 24704 strings out of 494855
 474006 string characters out of 6179188
 548138 words of memory out of 5000000
 27079 multiletter control sequences out of 15000+600000
 60719 words of font info for 143 fonts, out of 8000000 for 9000
 59 hyphenation exceptions out of 8191
 56i,16n,62p,801b,675s stack positions out of 5000i,500n,10000p,200000b,80000s
{/usr/share/texlive/texmf-dist/fonts/enc/dvips/base/8r.enc}</usr/share/texliv
e/texmf-dist/fonts/type1/public/amsfonts/cm/cmss10.pfb></usr/share/texlive/texm
f-dist/fonts/type1/public/amsfonts/cm/cmss8.pfb></usr/share/texlive/texmf-dist/
fonts/type1/public/txfonts/rtxmi.pfb></usr/share/texlive/texmf-dist/fonts/type1
/public/txfonts/txex.pfb></usr/share/texlive/texmf-dist/fonts/type1/public/txfo
nts/txsy.pfb></usr/share/texlive/texmf-dist/fonts/type1/public/txfonts/txsya.pf
b></usr/share/texlive/texmf-dist/fonts/type1/public/txfonts/txtt.pfb></usr/shar
e/texlive/texmf-dist/fonts/type1/urw/helvetic/uhvb8a.pfb></usr/share/texlive/te
xmf-dist/fonts/type1/urw/helvetic/uhvr8a.pfb></usr/share/texlive/texmf-dist/fon
ts/type1/urw/helvetic/uhvr8a.pfb>
Output written on chp1_handouts.pdf (24 pages, 2438095 bytes).
PDF statistics:
 941 PDF objects out of 1000 (max. 8388607)
 750 compressed objects within 8 object streams
 227 named destinations out of 1000 (max. 500000)
 651 words of extra memory for PDF output out of 10000 (max. 10000000)

